#
# There is insufficient memory for the Java Runtime Environment to continue.
# Native memory allocation (mmap) failed to map 692060160 bytes for G1 virtual space
# Possible reasons:
#   The system is out of physical RAM or swap space
#   The process is running with CompressedOops enabled, and the Java Heap may be blocking the growth of the native heap
# Possible solutions:
#   Reduce memory load on the system
#   Increase physical memory or swap space
#   Check if swap backing store is full
#   Decrease Java heap size (-Xmx/-Xms)
#   Decrease number of Java threads
#   Decrease Java thread stack sizes (-Xss)
#   Set larger code cache with -XX:ReservedCodeCacheSize=
#   JVM is running with Unscaled Compressed Oops mode in which the Java heap is
#     placed in the first 4GB address space. The Java Heap base address is the
#     maximum limit for the native heap growth. Please use -XX:HeapBaseMinAddress
#     to set the Java Heap base and to place the Java Heap above 4GB virtual address.
# This output file may be truncated or incomplete.
#
#  Out of Memory Error (os_windows.cpp:3530), pid=32932, tid=32224
#
# JRE version: OpenJDK Runtime Environment (18.0.2.1+1) (build 18.0.2.1+1-1)
# Java VM: OpenJDK 64-Bit Server VM (18.0.2.1+1-1, mixed mode, sharing, tiered, compressed oops, compressed class ptrs, g1 gc, windows-amd64)
# No core dump will be written. Minidumps are not enabled by default on client versions of Windows
#

---------------  S U M M A R Y ------------

Command Line: -javaagent:C:\Program Files\JetBrains\IntelliJ IDEA 2022.2.1\lib\idea_rt.jar=62002:C:\Program Files\JetBrains\IntelliJ IDEA 2022.2.1\bin -Dfile.encoding=UTF-8 -Dsun.stdout.encoding=UTF-8 -Dsun.stderr.encoding=UTF-8 Main

Host: Intel(R) Core(TM) i5-8265U CPU @ 1.60GHz, 8 cores, 7G,  Windows 10 , 64 bit Build 19041 (10.0.19041.1889)
Time: Thu Oct 20 21:31:29 2022 Eastern Daylight Time elapsed time: 37.654576 seconds (0d 0h 0m 37s)

---------------  T H R E A D  ---------------

Current thread (0x0000022375bb9d60):  VMThread "VM Thread" [stack: 0x000000602ee00000,0x000000602ef00000] [id=32224]

Stack: [0x000000602ee00000,0x000000602ef00000]
Native frames: (J=compiled Java code, j=interpreted, Vv=VM code, C=native code)
V  [jvm.dll+0x6993aa]
V  [jvm.dll+0x7f46dd]
V  [jvm.dll+0x7f5fee]
V  [jvm.dll+0x7f66a3]
V  [jvm.dll+0x25cf1f]
V  [jvm.dll+0x6962f9]
V  [jvm.dll+0x68ae2a]
V  [jvm.dll+0x32255b]
V  [jvm.dll+0x329f36]
V  [jvm.dll+0x37eade]
V  [jvm.dll+0x37ed0f]
V  [jvm.dll+0x2fa2da]
V  [jvm.dll+0x2fa387]
V  [jvm.dll+0x33e8c2]
V  [jvm.dll+0x33ce64]
V  [jvm.dll+0x2f9ab0]
V  [jvm.dll+0x33c43b]
V  [jvm.dll+0x7fb48b]
V  [jvm.dll+0x7fc224]
V  [jvm.dll+0x7fc75c]
V  [jvm.dll+0x7fcbb4]
V  [jvm.dll+0x7fcc77]
V  [jvm.dll+0x7a120a]
V  [jvm.dll+0x698255]
C  [ucrtbase.dll+0x21bb2]
C  [KERNEL32.DLL+0x17034]
C  [ntdll.dll+0x526a1]

VM_Operation (0x00000060300fdce0): G1CollectForAllocation, mode: safepoint, requested by thread 0x000002237acfc360


---------------  P R O C E S S  ---------------

Threads class SMR info:
_java_thread_list=0x000002237b0d2660, length=19, elements={
0x0000022375bbec80, 0x0000022375bc0800, 0x0000022375bdcc80, 0x0000022375bdd530,
0x0000022375bddde0, 0x0000022375be9e20, 0x0000022375beab40, 0x0000022375beb570,
0x0000022375bf92b0, 0x0000022375baa2c0, 0x000002237a1ddae0, 0x000002237a195450,
0x000002237a1eda80, 0x000002237a16e3d0, 0x000002237a2ed060, 0x000002237acfc360,
0x000002237acfcf80, 0x000002237b1aa7c0, 0x000002237b1ac4a0
}

Java Threads: ( => current thread )
  0x0000022375bbec80 JavaThread "Reference Handler" daemon [_thread_blocked, id=32840, stack(0x000000602ef00000,0x000000602f000000)]
  0x0000022375bc0800 JavaThread "Finalizer" daemon [_thread_blocked, id=26728, stack(0x000000602f000000,0x000000602f100000)]
  0x0000022375bdcc80 JavaThread "Signal Dispatcher" daemon [_thread_blocked, id=34336, stack(0x000000602f100000,0x000000602f200000)]
  0x0000022375bdd530 JavaThread "Attach Listener" daemon [_thread_blocked, id=15100, stack(0x000000602f200000,0x000000602f300000)]
  0x0000022375bddde0 JavaThread "Service Thread" daemon [_thread_blocked, id=24016, stack(0x000000602f300000,0x000000602f400000)]
  0x0000022375be9e20 JavaThread "Monitor Deflation Thread" daemon [_thread_blocked, id=12524, stack(0x000000602f400000,0x000000602f500000)]
  0x0000022375beab40 JavaThread "C2 CompilerThread0" daemon [_thread_blocked, id=26920, stack(0x000000602f500000,0x000000602f600000)]
  0x0000022375beb570 JavaThread "C1 CompilerThread0" daemon [_thread_blocked, id=27460, stack(0x000000602f600000,0x000000602f700000)]
  0x0000022375bf92b0 JavaThread "Sweeper thread" daemon [_thread_blocked, id=28572, stack(0x000000602f700000,0x000000602f800000)]
  0x0000022375baa2c0 JavaThread "Common-Cleaner" daemon [_thread_blocked, id=1248, stack(0x000000602f800000,0x000000602f900000)]
  0x000002237a1ddae0 JavaThread "Monitor Ctrl-Break" daemon [_thread_in_native, id=13472, stack(0x000000602f900000,0x000000602fa00000)]
  0x000002237a195450 JavaThread "Notification Thread" daemon [_thread_blocked, id=24656, stack(0x000000602fa00000,0x000000602fb00000)]
  0x000002237a1eda80 JavaThread "Java2D Disposer" daemon [_thread_blocked, id=29384, stack(0x000000602fc00000,0x000000602fd00000)]
  0x000002237a16e3d0 JavaThread "AWT-Shutdown" [_thread_blocked, id=33740, stack(0x000000602fd00000,0x000000602fe00000)]
  0x000002237a2ed060 JavaThread "AWT-Windows" daemon [_thread_in_native, id=32808, stack(0x000000602fe00000,0x000000602ff00000)]
  0x000002237acfc360 JavaThread "AWT-EventQueue-0" [_thread_blocked, id=33548, stack(0x0000006030000000,0x0000006030100000)]
  0x000002237acfcf80 JavaThread "Swing-Shell" daemon [_thread_blocked, id=34132, stack(0x0000006030100000,0x0000006030200000)]
  0x000002237b1aa7c0 JavaThread "DestroyJavaVM" [_thread_blocked, id=34412, stack(0x000000602e800000,0x000000602e900000)]
  0x000002237b1ac4a0 JavaThread "TimerQueue" daemon [_thread_blocked, id=30840, stack(0x0000006030700000,0x0000006030800000)]

Other Threads:
=>0x0000022375bb9d60 VMThread "VM Thread" [stack: 0x000000602ee00000,0x000000602ef00000] [id=32224]
  0x0000022357a67fd0 WatcherThread "VM Periodic Task Thread" [stack: 0x000000602fb00000,0x000000602fc00000] [id=23712]
  0x0000022357ac1800 WorkerThread "GC Thread#0" [stack: 0x000000602e900000,0x000000602ea00000] [id=33328]
  0x000002237b4ecfa0 WorkerThread "GC Thread#1" [stack: 0x0000006030800000,0x0000006030900000] [id=8840]
  0x000002237b14b470 WorkerThread "GC Thread#2" [stack: 0x0000006030900000,0x0000006030a00000] [id=21752]
  0x000002237ae214f0 WorkerThread "GC Thread#3" [stack: 0x0000006030a00000,0x0000006030b00000] [id=26744]
  0x000002237ca61cc0 WorkerThread "GC Thread#4" [stack: 0x0000006030b00000,0x0000006030c00000] [id=26572]
  0x000002237a224760 WorkerThread "GC Thread#5" [stack: 0x0000006030c00000,0x0000006030d00000] [id=33840]
  0x000002237ae4f930 WorkerThread "GC Thread#6" [stack: 0x0000006030d00000,0x0000006030e00000] [id=32892]
  0x000002237afa2d70 WorkerThread "GC Thread#7" [stack: 0x0000006030e00000,0x0000006030f00000] [id=22472]
  0x0000022357ad32d0 ConcurrentGCThread "G1 Main Marker" [stack: 0x000000602ea00000,0x000000602eb00000] [id=32620]
  0x0000022357ad5380 WorkerThread "G1 Conc#0" [stack: 0x000000602eb00000,0x000000602ec00000] [id=34340]
  0x000002237cfd0520 WorkerThread "G1 Conc#1" [stack: 0x0000006030f00000,0x0000006031000000] [id=31228]
  0x0000022357b27a70 ConcurrentGCThread "G1 Refine#0" [stack: 0x000000602ec00000,0x000000602ed00000] [id=33624]
  0x000002237afa29e0 ConcurrentGCThread "G1 Refine#1" [stack: 0x000000602ff00000,0x0000006030000000] [id=32]
  0x000002237afe9d80 ConcurrentGCThread "G1 Refine#2" [stack: 0x0000006030300000,0x0000006030400000] [id=31884]
  0x0000022357b28290 ConcurrentGCThread "G1 Service" [stack: 0x000000602ed00000,0x000000602ee00000] [id=33444]

Threads with active compile tasks:

VM state: at safepoint (normal execution)

VM Mutex/Monitor currently owned by a thread:  ([mutex/lock_event])
[0x0000022357a607e0] Threads_lock - owner thread: 0x0000022375bb9d60
[0x0000022357a62520] Heap_lock - owner thread: 0x000002237acfc360

Heap address: 0x0000000081c00000, size: 2020 MB, Compressed Oops mode: 32-bit

CDS archive(s) mapped at: [0x0000000800000000-0x0000000800ba0000-0x0000000800ba0000), size 12189696, SharedBaseAddress: 0x0000000800000000, ArchiveRelocationMode: 0.
Compressed class space mapped at: 0x0000000800c00000-0x0000000840c00000, reserved size: 1073741824
Narrow klass base: 0x0000000800000000, Narrow klass shift: 0, Narrow klass range: 0x100000000

GC Precious Log:
 CardTable entry size: 512
 Card Set container configuration: InlinePtr #cards 5 size 8 Array Of Cards #cards 12 size 40 Howl #buckets 4 coarsen threshold 1843 Howl Bitmap #cards 512 size 80 coarsen threshold 460 Card regions per heap region 1 cards per card region 2048
 CPUs: 8 total, 8 available
 Memory: 8079M
 Large Page Support: Disabled
 NUMA Support: Disabled
 Compressed Oops: Enabled (32-bit)
 Heap Region Size: 1M
 Heap Min Capacity: 8M
 Heap Initial Capacity: 128M
 Heap Max Capacity: 2020M
 Pre-touch: Disabled
 Parallel Workers: 8
 Concurrent Workers: 2
 Concurrent Refinement Workers: 8
 Periodic GC: Disabled

Heap:
 garbage-first heap   total 378880K, used 141152K [0x0000000081c00000, 0x0000000100000000)
  region size 1024K, 2 young (2048K), 2 survivors (2048K)
 Metaspace       used 11755K, committed 11968K, reserved 1114112K
  class space    used 1318K, committed 1472K, reserved 1048576K

Heap Regions: E=young(eden), S=young(survivor), O=old, HS=humongous(starts), HC=humongous(continues), CS=collection set, F=free, OA=open archive, CA=closed archive, TAMS=top-at-mark-start (previous, next)
|   0|0x0000000081c00000, 0x0000000081d00000, 0x0000000081d00000|100%| O|  |TAMS 0x0000000081d00000, 0x0000000081c00000| Untracked 
|   1|0x0000000081d00000, 0x0000000081e00000, 0x0000000081e00000|100%| O|  |TAMS 0x0000000081e00000, 0x0000000081d00000| Untracked 
|   2|0x0000000081e00000, 0x0000000081f00000, 0x0000000081f00000|100%|HS|  |TAMS 0x0000000081f00000, 0x0000000081e00000| Complete 
|   3|0x0000000081f00000, 0x0000000082000000, 0x0000000082000000|100%| O|  |TAMS 0x0000000082000000, 0x0000000081f00000| Untracked 
|   4|0x0000000082000000, 0x0000000082100000, 0x0000000082100000|100%| O|  |TAMS 0x0000000082100000, 0x0000000082000000| Untracked 
|   5|0x0000000082100000, 0x0000000082200000, 0x0000000082200000|100%| O|  |TAMS 0x0000000082200000, 0x0000000082100000| Untracked 
|   6|0x0000000082200000, 0x0000000082300000, 0x0000000082300000|100%| O|  |TAMS 0x0000000082300000, 0x0000000082200000| Untracked 
|   7|0x0000000082300000, 0x0000000082400000, 0x0000000082400000|100%| O|  |TAMS 0x0000000082400000, 0x0000000082300000| Untracked 
|   8|0x0000000082400000, 0x0000000082500000, 0x0000000082500000|100%| O|  |TAMS 0x0000000082500000, 0x0000000082400000| Untracked 
|   9|0x0000000082500000, 0x0000000082600000, 0x0000000082600000|100%| O|  |TAMS 0x0000000082600000, 0x0000000082500000| Untracked 
|  10|0x0000000082600000, 0x0000000082700000, 0x0000000082700000|100%| O|  |TAMS 0x0000000082700000, 0x0000000082600000| Untracked 
|  11|0x0000000082700000, 0x0000000082800000, 0x0000000082800000|100%| O|  |TAMS 0x0000000082800000, 0x0000000082700000| Untracked 
|  12|0x0000000082800000, 0x0000000082900000, 0x0000000082900000|100%| O|  |TAMS 0x0000000082900000, 0x0000000082800000| Untracked 
|  13|0x0000000082900000, 0x0000000082a00000, 0x0000000082a00000|100%| O|  |TAMS 0x0000000082a00000, 0x0000000082900000| Untracked 
|  14|0x0000000082a00000, 0x0000000082b00000, 0x0000000082b00000|100%| O|  |TAMS 0x0000000082b00000, 0x0000000082a00000| Untracked 
|  15|0x0000000082b00000, 0x0000000082c00000, 0x0000000082c00000|100%| O|  |TAMS 0x0000000082c00000, 0x0000000082b00000| Untracked 
|  16|0x0000000082c00000, 0x0000000082d00000, 0x0000000082d00000|100%|HS|  |TAMS 0x0000000082d00000, 0x0000000082c00000| Complete 
|  17|0x0000000082d00000, 0x0000000082e00000, 0x0000000082e00000|100%| O|  |TAMS 0x0000000082e00000, 0x0000000082d00000| Untracked 
|  18|0x0000000082e00000, 0x0000000082f00000, 0x0000000082f00000|100%|HS|  |TAMS 0x0000000082f00000, 0x0000000082e00000| Complete 
|  19|0x0000000082f00000, 0x0000000083000000, 0x0000000083000000|100%|HC|  |TAMS 0x0000000083000000, 0x0000000082f00000| Complete 
|  20|0x0000000083000000, 0x0000000083100000, 0x0000000083100000|100%| O|  |TAMS 0x0000000083100000, 0x0000000083000000| Untracked 
|  21|0x0000000083100000, 0x0000000083200000, 0x0000000083200000|100%| O|  |TAMS 0x0000000083200000, 0x0000000083100000| Untracked 
|  22|0x0000000083200000, 0x0000000083300000, 0x0000000083300000|100%| O|  |TAMS 0x0000000083300000, 0x0000000083200000| Untracked 
|  23|0x0000000083300000, 0x0000000083400000, 0x0000000083400000|100%| O|  |TAMS 0x0000000083400000, 0x0000000083300000| Untracked 
|  24|0x0000000083400000, 0x0000000083500000, 0x0000000083500000|100%|HS|  |TAMS 0x0000000083500000, 0x0000000083400000| Complete 
|  25|0x0000000083500000, 0x0000000083600000, 0x0000000083600000|100%|HC|  |TAMS 0x0000000083600000, 0x0000000083500000| Complete 
|  26|0x0000000083600000, 0x0000000083700000, 0x0000000083700000|100%|HC|  |TAMS 0x0000000083700000, 0x0000000083600000| Complete 
|  27|0x0000000083700000, 0x0000000083800000, 0x0000000083800000|100%|HC|  |TAMS 0x0000000083800000, 0x0000000083700000| Complete 
|  28|0x0000000083800000, 0x0000000083900000, 0x0000000083900000|100%| O|  |TAMS 0x0000000083900000, 0x0000000083800000| Untracked 
|  29|0x0000000083900000, 0x0000000083a00000, 0x0000000083a00000|100%| O|  |TAMS 0x0000000083a00000, 0x0000000083900000| Untracked 
|  30|0x0000000083a00000, 0x0000000083b00000, 0x0000000083b00000|100%| O|  |TAMS 0x0000000083b00000, 0x0000000083a00000| Untracked 
|  31|0x0000000083b00000, 0x0000000083c00000, 0x0000000083c00000|100%| O|  |TAMS 0x0000000083c00000, 0x0000000083b00000| Untracked 
|  32|0x0000000083c00000, 0x0000000083d00000, 0x0000000083d00000|100%| O|  |TAMS 0x0000000083d00000, 0x0000000083c00000| Untracked 
|  33|0x0000000083d00000, 0x0000000083e00000, 0x0000000083e00000|100%| O|  |TAMS 0x0000000083e00000, 0x0000000083d00000| Untracked 
|  34|0x0000000083e00000, 0x0000000083f00000, 0x0000000083f00000|100%|HS|  |TAMS 0x0000000083f00000, 0x0000000083e00000| Complete 
|  35|0x0000000083f00000, 0x0000000084000000, 0x0000000084000000|100%|HC|  |TAMS 0x0000000084000000, 0x0000000083f00000| Complete 
|  36|0x0000000084000000, 0x0000000084100000, 0x0000000084100000|100%| O|  |TAMS 0x0000000084100000, 0x0000000084000000| Untracked 
|  37|0x0000000084100000, 0x0000000084200000, 0x0000000084200000|100%| O|  |TAMS 0x0000000084200000, 0x0000000084100000| Untracked 
|  38|0x0000000084200000, 0x0000000084300000, 0x0000000084300000|100%| O|  |TAMS 0x0000000084300000, 0x0000000084200000| Untracked 
|  39|0x0000000084300000, 0x0000000084400000, 0x0000000084400000|100%| O|  |TAMS 0x0000000084400000, 0x0000000084300000| Untracked 
|  40|0x0000000084400000, 0x0000000084500000, 0x0000000084500000|100%| O|  |TAMS 0x0000000084500000, 0x0000000084400000| Untracked 
|  41|0x0000000084500000, 0x0000000084600000, 0x0000000084600000|100%| O|  |TAMS 0x0000000084600000, 0x0000000084500000| Untracked 
|  42|0x0000000084600000, 0x0000000084700000, 0x0000000084700000|100%| O|  |TAMS 0x0000000084700000, 0x0000000084600000| Untracked 
|  43|0x0000000084700000, 0x0000000084800000, 0x0000000084800000|100%| O|  |TAMS 0x0000000084800000, 0x0000000084700000| Untracked 
|  44|0x0000000084800000, 0x0000000084900000, 0x0000000084900000|100%| O|  |TAMS 0x0000000084900000, 0x0000000084800000| Untracked 
|  45|0x0000000084900000, 0x0000000084a00000, 0x0000000084a00000|100%| O|  |TAMS 0x0000000084a00000, 0x0000000084900000| Untracked 
|  46|0x0000000084a00000, 0x0000000084b00000, 0x0000000084b00000|100%| O|  |TAMS 0x0000000084b00000, 0x0000000084a00000| Untracked 
|  47|0x0000000084b00000, 0x0000000084c00000, 0x0000000084c00000|100%|HS|  |TAMS 0x0000000084c00000, 0x0000000084b00000| Complete 
|  48|0x0000000084c00000, 0x0000000084d00000, 0x0000000084d00000|100%|HC|  |TAMS 0x0000000084d00000, 0x0000000084c00000| Complete 
|  49|0x0000000084d00000, 0x0000000084e00000, 0x0000000084e00000|100%|HC|  |TAMS 0x0000000084e00000, 0x0000000084d00000| Complete 
|  50|0x0000000084e00000, 0x0000000084f00000, 0x0000000084f00000|100%| O|  |TAMS 0x0000000084f00000, 0x0000000084e00000| Untracked 
|  51|0x0000000084f00000, 0x0000000085000000, 0x0000000085000000|100%| O|  |TAMS 0x0000000085000000, 0x0000000084f00000| Untracked 
|  52|0x0000000085000000, 0x0000000085100000, 0x0000000085100000|100%| O|  |TAMS 0x0000000085100000, 0x0000000085000000| Untracked 
|  53|0x0000000085100000, 0x0000000085200000, 0x0000000085200000|100%| O|  |TAMS 0x0000000085200000, 0x0000000085100000| Untracked 
|  54|0x0000000085200000, 0x0000000085300000, 0x0000000085300000|100%| O|  |TAMS 0x0000000085300000, 0x0000000085200000| Untracked 
|  55|0x0000000085300000, 0x0000000085400000, 0x0000000085400000|100%| O|  |TAMS 0x0000000085400000, 0x0000000085300000| Untracked 
|  56|0x0000000085400000, 0x0000000085500000, 0x0000000085500000|100%| O|  |TAMS 0x0000000085500000, 0x0000000085400000| Untracked 
|  57|0x0000000085500000, 0x0000000085600000, 0x0000000085600000|100%| O|  |TAMS 0x0000000085600000, 0x0000000085500000| Untracked 
|  58|0x0000000085600000, 0x0000000085700000, 0x0000000085700000|100%| O|  |TAMS 0x0000000085700000, 0x0000000085600000| Untracked 
|  59|0x0000000085700000, 0x0000000085800000, 0x0000000085800000|100%| O|  |TAMS 0x0000000085800000, 0x0000000085700000| Untracked 
|  60|0x0000000085800000, 0x0000000085900000, 0x0000000085900000|100%| O|  |TAMS 0x0000000085900000, 0x0000000085800000| Untracked 
|  61|0x0000000085900000, 0x0000000085a00000, 0x0000000085a00000|100%| O|  |TAMS 0x0000000085a00000, 0x0000000085900000| Untracked 
|  62|0x0000000085a00000, 0x0000000085b00000, 0x0000000085b00000|100%| O|  |TAMS 0x0000000085b00000, 0x0000000085a00000| Untracked 
|  63|0x0000000085b00000, 0x0000000085c00000, 0x0000000085c00000|100%| O|  |TAMS 0x0000000085c00000, 0x0000000085b00000| Untracked 
|  64|0x0000000085c00000, 0x0000000085d00000, 0x0000000085d00000|100%|HS|  |TAMS 0x0000000085d00000, 0x0000000085c00000| Complete 
|  65|0x0000000085d00000, 0x0000000085e00000, 0x0000000085e00000|100%|HC|  |TAMS 0x0000000085e00000, 0x0000000085d00000| Complete 
|  66|0x0000000085e00000, 0x0000000085f00000, 0x0000000085f00000|100%|HC|  |TAMS 0x0000000085f00000, 0x0000000085e00000| Complete 
|  67|0x0000000085f00000, 0x0000000086000000, 0x0000000086000000|100%|HC|  |TAMS 0x0000000086000000, 0x0000000085f00000| Complete 
|  68|0x0000000086000000, 0x0000000086100000, 0x0000000086100000|100%|HC|  |TAMS 0x0000000086100000, 0x0000000086000000| Complete 
|  69|0x0000000086100000, 0x0000000086200000, 0x0000000086200000|100%|HC|  |TAMS 0x0000000086200000, 0x0000000086100000| Complete 
|  70|0x0000000086200000, 0x0000000086300000, 0x0000000086300000|100%| O|  |TAMS 0x0000000086300000, 0x0000000086200000| Untracked 
|  71|0x0000000086300000, 0x0000000086400000, 0x0000000086400000|100%| O|  |TAMS 0x0000000086400000, 0x0000000086300000| Untracked 
|  72|0x0000000086400000, 0x0000000086500000, 0x0000000086500000|100%| O|  |TAMS 0x0000000086500000, 0x0000000086400000| Untracked 
|  73|0x0000000086500000, 0x0000000086600000, 0x0000000086600000|100%| O|  |TAMS 0x0000000086600000, 0x0000000086500000| Untracked 
|  74|0x0000000086600000, 0x0000000086700000, 0x0000000086700000|100%| O|  |TAMS 0x0000000086700000, 0x0000000086600000| Untracked 
|  75|0x0000000086700000, 0x0000000086800000, 0x0000000086800000|100%| O|  |TAMS 0x0000000086800000, 0x0000000086700000| Untracked 
|  76|0x0000000086800000, 0x0000000086900000, 0x0000000086900000|100%| O|  |TAMS 0x0000000086900000, 0x0000000086800000| Untracked 
|  77|0x0000000086900000, 0x0000000086a00000, 0x0000000086a00000|100%| O|  |TAMS 0x0000000086a00000, 0x0000000086900000| Untracked 
|  78|0x0000000086a00000, 0x0000000086b00000, 0x0000000086b00000|100%| O|  |TAMS 0x0000000086b00000, 0x0000000086a00000| Untracked 
|  79|0x0000000086b00000, 0x0000000086c00000, 0x0000000086c00000|100%| O|  |TAMS 0x0000000086c00000, 0x0000000086b00000| Untracked 
|  80|0x0000000086c00000, 0x0000000086d00000, 0x0000000086d00000|100%| O|  |TAMS 0x0000000086d00000, 0x0000000086c00000| Untracked 
|  81|0x0000000086d00000, 0x0000000086e00000, 0x0000000086e00000|100%| O|  |TAMS 0x0000000086e00000, 0x0000000086d00000| Untracked 
|  82|0x0000000086e00000, 0x0000000086f00000, 0x0000000086f00000|100%| O|  |TAMS 0x0000000086f00000, 0x0000000086e00000| Untracked 
|  83|0x0000000086f00000, 0x0000000086f00000, 0x0000000087000000|  0%| F|  |TAMS 0x0000000086f00000, 0x0000000086f00000| Untracked 
|  84|0x0000000087000000, 0x0000000087100000, 0x0000000087100000|100%| O|  |TAMS 0x0000000087100000, 0x0000000087000000| Untracked 
|  85|0x0000000087100000, 0x0000000087200000, 0x0000000087200000|100%| O|  |TAMS 0x0000000087200000, 0x0000000087100000| Untracked 
|  86|0x0000000087200000, 0x0000000087300000, 0x0000000087300000|100%| O|  |TAMS 0x0000000087300000, 0x0000000087200000| Untracked 
|  87|0x0000000087300000, 0x0000000087400000, 0x0000000087400000|100%| O|  |TAMS 0x0000000087400000, 0x0000000087300000| Untracked 
|  88|0x0000000087400000, 0x0000000087500000, 0x0000000087500000|100%| O|  |TAMS 0x0000000087500000, 0x0000000087400000| Untracked 
|  89|0x0000000087500000, 0x0000000087600000, 0x0000000087600000|100%| O|  |TAMS 0x0000000087600000, 0x0000000087500000| Untracked 
|  90|0x0000000087600000, 0x0000000087700000, 0x0000000087700000|100%| O|  |TAMS 0x0000000087600000, 0x0000000087600000| Untracked 
|  91|0x0000000087700000, 0x0000000087800000, 0x0000000087800000|100%| O|  |TAMS 0x0000000087700000, 0x0000000087700000| Untracked 
|  92|0x0000000087800000, 0x0000000087900000, 0x0000000087900000|100%| O|  |TAMS 0x0000000087800000, 0x0000000087800000| Untracked 
|  93|0x0000000087900000, 0x0000000087a00000, 0x0000000087a00000|100%| O|  |TAMS 0x0000000087900000, 0x0000000087900000| Untracked 
|  94|0x0000000087a00000, 0x0000000087b00000, 0x0000000087b00000|100%| O|  |TAMS 0x0000000087a00000, 0x0000000087a00000| Untracked 
|  95|0x0000000087b00000, 0x0000000087c00000, 0x0000000087c00000|100%| O|  |TAMS 0x0000000087b00000, 0x0000000087b00000| Untracked 
|  96|0x0000000087c00000, 0x0000000087d00000, 0x0000000087d00000|100%|HS|  |TAMS 0x0000000087c00000, 0x0000000087c00000| Complete 
|  97|0x0000000087d00000, 0x0000000087e00000, 0x0000000087e00000|100%|HC|  |TAMS 0x0000000087d00000, 0x0000000087d00000| Complete 
|  98|0x0000000087e00000, 0x0000000087f00000, 0x0000000087f00000|100%|HC|  |TAMS 0x0000000087e00000, 0x0000000087e00000| Complete 
|  99|0x0000000087f00000, 0x0000000088000000, 0x0000000088000000|100%|HC|  |TAMS 0x0000000087f00000, 0x0000000087f00000| Complete 
| 100|0x0000000088000000, 0x0000000088100000, 0x0000000088100000|100%|HC|  |TAMS 0x0000000088000000, 0x0000000088000000| Complete 
| 101|0x0000000088100000, 0x0000000088200000, 0x0000000088200000|100%|HC|  |TAMS 0x0000000088100000, 0x0000000088100000| Complete 
| 102|0x0000000088200000, 0x0000000088300000, 0x0000000088300000|100%| O|  |TAMS 0x0000000088200000, 0x0000000088200000| Untracked 
| 103|0x0000000088300000, 0x0000000088400000, 0x0000000088400000|100%| O|  |TAMS 0x0000000088300000, 0x0000000088300000| Untracked 
| 104|0x0000000088400000, 0x0000000088500000, 0x0000000088500000|100%| O|  |TAMS 0x0000000088400000, 0x0000000088400000| Untracked 
| 105|0x0000000088500000, 0x0000000088600000, 0x0000000088600000|100%| O|  |TAMS 0x0000000088500000, 0x0000000088500000| Untracked 
| 106|0x0000000088600000, 0x0000000088700000, 0x0000000088700000|100%| O|  |TAMS 0x0000000088600000, 0x0000000088600000| Untracked 
| 107|0x0000000088700000, 0x0000000088800000, 0x0000000088800000|100%| O|  |TAMS 0x0000000088700000, 0x0000000088700000| Untracked 
| 108|0x0000000088800000, 0x0000000088900000, 0x0000000088900000|100%| O|  |TAMS 0x0000000088800000, 0x0000000088800000| Untracked 
| 109|0x0000000088900000, 0x0000000088a00000, 0x0000000088a00000|100%| O|  |TAMS 0x0000000088900000, 0x0000000088900000| Untracked 
| 110|0x0000000088a00000, 0x0000000088b00000, 0x0000000088b00000|100%| O|  |TAMS 0x0000000088a00000, 0x0000000088a00000| Untracked 
| 111|0x0000000088b00000, 0x0000000088c00000, 0x0000000088c00000|100%| O|  |TAMS 0x0000000088b00000, 0x0000000088b00000| Untracked 
| 112|0x0000000088c00000, 0x0000000088d00000, 0x0000000088d00000|100%| O|  |TAMS 0x0000000088c00000, 0x0000000088c00000| Untracked 
| 113|0x0000000088d00000, 0x0000000088e00000, 0x0000000088e00000|100%| O|  |TAMS 0x0000000088d00000, 0x0000000088d00000| Untracked 
| 114|0x0000000088e00000, 0x0000000088f00000, 0x0000000088f00000|100%| O|  |TAMS 0x0000000088e00000, 0x0000000088e00000| Untracked 
| 115|0x0000000088f00000, 0x0000000089000000, 0x0000000089000000|100%| O|  |TAMS 0x0000000088f00000, 0x0000000088f00000| Untracked 
| 116|0x0000000089000000, 0x0000000089100000, 0x0000000089100000|100%| O|  |TAMS 0x0000000089000000, 0x0000000089000000| Untracked 
| 117|0x0000000089100000, 0x0000000089200000, 0x0000000089200000|100%| O|  |TAMS 0x0000000089100000, 0x0000000089100000| Untracked 
| 118|0x0000000089200000, 0x0000000089300000, 0x0000000089300000|100%| O|  |TAMS 0x0000000089200000, 0x0000000089200000| Untracked 
| 119|0x0000000089300000, 0x0000000089400000, 0x0000000089400000|100%| O|  |TAMS 0x0000000089300000, 0x0000000089300000| Untracked 
| 120|0x0000000089400000, 0x0000000089500000, 0x0000000089500000|100%| O|  |TAMS 0x0000000089400000, 0x0000000089400000| Untracked 
| 121|0x0000000089500000, 0x0000000089600000, 0x0000000089600000|100%| O|  |TAMS 0x0000000089500000, 0x0000000089500000| Untracked 
| 122|0x0000000089600000, 0x0000000089700000, 0x0000000089700000|100%| O|  |TAMS 0x0000000089600000, 0x0000000089600000| Untracked 
| 123|0x0000000089700000, 0x0000000089800000, 0x0000000089800000|100%| O|  |TAMS 0x0000000089700000, 0x0000000089700000| Untracked 
| 124|0x0000000089800000, 0x0000000089900000, 0x0000000089900000|100%| O|  |TAMS 0x0000000089800000, 0x0000000089800000| Untracked 
| 125|0x0000000089900000, 0x0000000089a00000, 0x0000000089a00000|100%| O|  |TAMS 0x0000000089900000, 0x0000000089900000| Untracked 
| 126|0x0000000089a00000, 0x0000000089b00000, 0x0000000089b00000|100%| O|  |TAMS 0x0000000089a00000, 0x0000000089a00000| Untracked 
| 127|0x0000000089b00000, 0x0000000089c00000, 0x0000000089c00000|100%| O|  |TAMS 0x0000000089b00000, 0x0000000089b00000| Untracked 
| 128|0x0000000089c00000, 0x0000000089d00000, 0x0000000089d00000|100%| O|  |TAMS 0x0000000089c00000, 0x0000000089c00000| Untracked 
| 129|0x0000000089d00000, 0x0000000089e00000, 0x0000000089e00000|100%| O|  |TAMS 0x0000000089d00000, 0x0000000089d00000| Untracked 
| 130|0x0000000089e00000, 0x0000000089f00000, 0x0000000089f00000|100%| O|  |TAMS 0x0000000089e00000, 0x0000000089e00000| Untracked 
| 131|0x0000000089f00000, 0x000000008a000000, 0x000000008a000000|100%| O|  |TAMS 0x0000000089f00000, 0x0000000089f00000| Untracked 
| 132|0x000000008a000000, 0x000000008a100000, 0x000000008a100000|100%| O|  |TAMS 0x000000008a000000, 0x000000008a000000| Untracked 
| 133|0x000000008a100000, 0x000000008a200000, 0x000000008a200000|100%| O|  |TAMS 0x000000008a100000, 0x000000008a100000| Untracked 
| 134|0x000000008a200000, 0x000000008a300000, 0x000000008a300000|100%| O|  |TAMS 0x000000008a200000, 0x000000008a200000| Untracked 
| 135|0x000000008a300000, 0x000000008a400000, 0x000000008a400000|100%| O|  |TAMS 0x000000008a300000, 0x000000008a300000| Untracked 
| 136|0x000000008a400000, 0x000000008a500000, 0x000000008a500000|100%| O|  |TAMS 0x000000008a400000, 0x000000008a400000| Untracked 
| 137|0x000000008a500000, 0x000000008a5b3600, 0x000000008a600000| 70%| O|  |TAMS 0x000000008a500000, 0x000000008a500000| Untracked 
| 138|0x000000008a600000, 0x000000008a600000, 0x000000008a700000|  0%| F|  |TAMS 0x000000008a600000, 0x000000008a600000| Untracked 
| 139|0x000000008a700000, 0x000000008a700000, 0x000000008a800000|  0%| F|  |TAMS 0x000000008a700000, 0x000000008a700000| Untracked 
| 140|0x000000008a800000, 0x000000008a800000, 0x000000008a900000|  0%| F|  |TAMS 0x000000008a800000, 0x000000008a800000| Untracked 
| 141|0x000000008a900000, 0x000000008a900000, 0x000000008aa00000|  0%| F|  |TAMS 0x000000008a900000, 0x000000008a900000| Untracked 
| 142|0x000000008aa00000, 0x000000008aa00000, 0x000000008ab00000|  0%| F|  |TAMS 0x000000008aa00000, 0x000000008aa00000| Untracked 
| 143|0x000000008ab00000, 0x000000008ab00000, 0x000000008ac00000|  0%| F|  |TAMS 0x000000008ab00000, 0x000000008ab00000| Untracked 
| 144|0x000000008ac00000, 0x000000008ac00000, 0x000000008ad00000|  0%| F|  |TAMS 0x000000008ac00000, 0x000000008ac00000| Untracked 
| 145|0x000000008ad00000, 0x000000008ad00000, 0x000000008ae00000|  0%| F|  |TAMS 0x000000008ad00000, 0x000000008ad00000| Untracked 
| 146|0x000000008ae00000, 0x000000008ae00000, 0x000000008af00000|  0%| F|  |TAMS 0x000000008ae00000, 0x000000008ae00000| Untracked 
| 147|0x000000008af00000, 0x000000008af00000, 0x000000008b000000|  0%| F|  |TAMS 0x000000008af00000, 0x000000008af00000| Untracked 
| 148|0x000000008b000000, 0x000000008b000000, 0x000000008b100000|  0%| F|  |TAMS 0x000000008b000000, 0x000000008b000000| Untracked 
| 149|0x000000008b100000, 0x000000008b100000, 0x000000008b200000|  0%| F|  |TAMS 0x000000008b100000, 0x000000008b100000| Untracked 
| 150|0x000000008b200000, 0x000000008b200000, 0x000000008b300000|  0%| F|  |TAMS 0x000000008b200000, 0x000000008b200000| Untracked 
| 151|0x000000008b300000, 0x000000008b300000, 0x000000008b400000|  0%| F|  |TAMS 0x000000008b300000, 0x000000008b300000| Untracked 
| 152|0x000000008b400000, 0x000000008b400000, 0x000000008b500000|  0%| F|  |TAMS 0x000000008b400000, 0x000000008b400000| Untracked 
| 153|0x000000008b500000, 0x000000008b500000, 0x000000008b600000|  0%| F|  |TAMS 0x000000008b500000, 0x000000008b500000| Untracked 
| 154|0x000000008b600000, 0x000000008b600000, 0x000000008b700000|  0%| F|  |TAMS 0x000000008b600000, 0x000000008b600000| Untracked 
| 155|0x000000008b700000, 0x000000008b700000, 0x000000008b800000|  0%| F|  |TAMS 0x000000008b700000, 0x000000008b700000| Untracked 
| 156|0x000000008b800000, 0x000000008b800000, 0x000000008b900000|  0%| F|  |TAMS 0x000000008b800000, 0x000000008b800000| Untracked 
| 157|0x000000008b900000, 0x000000008b900000, 0x000000008ba00000|  0%| F|  |TAMS 0x000000008b900000, 0x000000008b900000| Untracked 
| 158|0x000000008ba00000, 0x000000008ba00000, 0x000000008bb00000|  0%| F|  |TAMS 0x000000008ba00000, 0x000000008ba00000| Untracked 
| 159|0x000000008bb00000, 0x000000008bb00000, 0x000000008bc00000|  0%| F|  |TAMS 0x000000008bb00000, 0x000000008bb00000| Untracked 
| 160|0x000000008bc00000, 0x000000008bc00000, 0x000000008bd00000|  0%| F|  |TAMS 0x000000008bc00000, 0x000000008bc00000| Untracked 
| 161|0x000000008bd00000, 0x000000008bd00000, 0x000000008be00000|  0%| F|  |TAMS 0x000000008bd00000, 0x000000008bd00000| Untracked 
| 162|0x000000008be00000, 0x000000008be00000, 0x000000008bf00000|  0%| F|  |TAMS 0x000000008be00000, 0x000000008be00000| Untracked 
| 163|0x000000008bf00000, 0x000000008bf00000, 0x000000008c000000|  0%| F|  |TAMS 0x000000008bf00000, 0x000000008bf00000| Untracked 
| 164|0x000000008c000000, 0x000000008c000000, 0x000000008c100000|  0%| F|  |TAMS 0x000000008c000000, 0x000000008c000000| Untracked 
| 165|0x000000008c100000, 0x000000008c100000, 0x000000008c200000|  0%| F|  |TAMS 0x000000008c100000, 0x000000008c100000| Untracked 
| 166|0x000000008c200000, 0x000000008c200000, 0x000000008c300000|  0%| F|  |TAMS 0x000000008c200000, 0x000000008c200000| Untracked 
| 167|0x000000008c300000, 0x000000008c300000, 0x000000008c400000|  0%| F|  |TAMS 0x000000008c300000, 0x000000008c300000| Untracked 
| 168|0x000000008c400000, 0x000000008c400000, 0x000000008c500000|  0%| F|  |TAMS 0x000000008c400000, 0x000000008c400000| Untracked 
| 169|0x000000008c500000, 0x000000008c500000, 0x000000008c600000|  0%| F|  |TAMS 0x000000008c500000, 0x000000008c500000| Untracked 
| 170|0x000000008c600000, 0x000000008c600000, 0x000000008c700000|  0%| F|  |TAMS 0x000000008c600000, 0x000000008c600000| Untracked 
| 171|0x000000008c700000, 0x000000008c700000, 0x000000008c800000|  0%| F|  |TAMS 0x000000008c700000, 0x000000008c700000| Untracked 
| 172|0x000000008c800000, 0x000000008c800000, 0x000000008c900000|  0%| F|  |TAMS 0x000000008c800000, 0x000000008c800000| Untracked 
| 173|0x000000008c900000, 0x000000008c900000, 0x000000008ca00000|  0%| F|  |TAMS 0x000000008c900000, 0x000000008c900000| Untracked 
| 174|0x000000008ca00000, 0x000000008ca00000, 0x000000008cb00000|  0%| F|  |TAMS 0x000000008ca00000, 0x000000008ca00000| Untracked 
| 175|0x000000008cb00000, 0x000000008cb00000, 0x000000008cc00000|  0%| F|  |TAMS 0x000000008cb00000, 0x000000008cb00000| Untracked 
| 176|0x000000008cc00000, 0x000000008cc00000, 0x000000008cd00000|  0%| F|  |TAMS 0x000000008cc00000, 0x000000008cc00000| Untracked 
| 177|0x000000008cd00000, 0x000000008cd00000, 0x000000008ce00000|  0%| F|  |TAMS 0x000000008cd00000, 0x000000008cd00000| Untracked 
| 178|0x000000008ce00000, 0x000000008ce00000, 0x000000008cf00000|  0%| F|  |TAMS 0x000000008ce00000, 0x000000008ce00000| Untracked 
| 179|0x000000008cf00000, 0x000000008cf00000, 0x000000008d000000|  0%| F|  |TAMS 0x000000008cf00000, 0x000000008cf00000| Untracked 
| 180|0x000000008d000000, 0x000000008d000000, 0x000000008d100000|  0%| F|  |TAMS 0x000000008d000000, 0x000000008d000000| Untracked 
| 181|0x000000008d100000, 0x000000008d100000, 0x000000008d200000|  0%| F|  |TAMS 0x000000008d100000, 0x000000008d100000| Untracked 
| 182|0x000000008d200000, 0x000000008d200000, 0x000000008d300000|  0%| F|  |TAMS 0x000000008d200000, 0x000000008d200000| Untracked 
| 183|0x000000008d300000, 0x000000008d300000, 0x000000008d400000|  0%| F|  |TAMS 0x000000008d300000, 0x000000008d300000| Untracked 
| 184|0x000000008d400000, 0x000000008d400000, 0x000000008d500000|  0%| F|  |TAMS 0x000000008d400000, 0x000000008d400000| Untracked 
| 185|0x000000008d500000, 0x000000008d500000, 0x000000008d600000|  0%| F|  |TAMS 0x000000008d500000, 0x000000008d500000| Untracked 
| 186|0x000000008d600000, 0x000000008d600000, 0x000000008d700000|  0%| F|  |TAMS 0x000000008d600000, 0x000000008d600000| Untracked 
| 187|0x000000008d700000, 0x000000008d700000, 0x000000008d800000|  0%| F|  |TAMS 0x000000008d700000, 0x000000008d700000| Untracked 
| 188|0x000000008d800000, 0x000000008d800000, 0x000000008d900000|  0%| F|  |TAMS 0x000000008d800000, 0x000000008d800000| Untracked 
| 189|0x000000008d900000, 0x000000008d900000, 0x000000008da00000|  0%| F|  |TAMS 0x000000008d900000, 0x000000008d900000| Untracked 
| 190|0x000000008da00000, 0x000000008da00000, 0x000000008db00000|  0%| F|  |TAMS 0x000000008da00000, 0x000000008da00000| Untracked 
| 191|0x000000008db00000, 0x000000008db00000, 0x000000008dc00000|  0%| F|  |TAMS 0x000000008db00000, 0x000000008db00000| Untracked 
| 192|0x000000008dc00000, 0x000000008dc00000, 0x000000008dd00000|  0%| F|  |TAMS 0x000000008dc00000, 0x000000008dc00000| Untracked 
| 193|0x000000008dd00000, 0x000000008dd00000, 0x000000008de00000|  0%| F|  |TAMS 0x000000008dd00000, 0x000000008dd00000| Untracked 
| 194|0x000000008de00000, 0x000000008de00000, 0x000000008df00000|  0%| F|  |TAMS 0x000000008de00000, 0x000000008de00000| Untracked 
| 195|0x000000008df00000, 0x000000008df00000, 0x000000008e000000|  0%| F|  |TAMS 0x000000008df00000, 0x000000008df00000| Untracked 
| 196|0x000000008e000000, 0x000000008e000000, 0x000000008e100000|  0%| F|  |TAMS 0x000000008e000000, 0x000000008e000000| Untracked 
| 197|0x000000008e100000, 0x000000008e100000, 0x000000008e200000|  0%| F|  |TAMS 0x000000008e100000, 0x000000008e100000| Untracked 
| 198|0x000000008e200000, 0x000000008e200000, 0x000000008e300000|  0%| F|  |TAMS 0x000000008e200000, 0x000000008e200000| Untracked 
| 199|0x000000008e300000, 0x000000008e300000, 0x000000008e400000|  0%| F|  |TAMS 0x000000008e300000, 0x000000008e300000| Untracked 
| 200|0x000000008e400000, 0x000000008e400000, 0x000000008e500000|  0%| F|  |TAMS 0x000000008e400000, 0x000000008e400000| Untracked 
| 201|0x000000008e500000, 0x000000008e500000, 0x000000008e600000|  0%| F|  |TAMS 0x000000008e500000, 0x000000008e500000| Untracked 
| 202|0x000000008e600000, 0x000000008e600000, 0x000000008e700000|  0%| F|  |TAMS 0x000000008e600000, 0x000000008e600000| Untracked 
| 203|0x000000008e700000, 0x000000008e700000, 0x000000008e800000|  0%| F|  |TAMS 0x000000008e700000, 0x000000008e700000| Untracked 
| 204|0x000000008e800000, 0x000000008e800000, 0x000000008e900000|  0%| F|  |TAMS 0x000000008e800000, 0x000000008e800000| Untracked 
| 205|0x000000008e900000, 0x000000008e900000, 0x000000008ea00000|  0%| F|  |TAMS 0x000000008e900000, 0x000000008e900000| Untracked 
| 206|0x000000008ea00000, 0x000000008ea00000, 0x000000008eb00000|  0%| F|  |TAMS 0x000000008ea00000, 0x000000008ea00000| Untracked 
| 207|0x000000008eb00000, 0x000000008eb00000, 0x000000008ec00000|  0%| F|  |TAMS 0x000000008eb00000, 0x000000008eb00000| Untracked 
| 208|0x000000008ec00000, 0x000000008ec00000, 0x000000008ed00000|  0%| F|  |TAMS 0x000000008ec00000, 0x000000008ec00000| Untracked 
| 209|0x000000008ed00000, 0x000000008ed00000, 0x000000008ee00000|  0%| F|  |TAMS 0x000000008ed00000, 0x000000008ed00000| Untracked 
| 210|0x000000008ee00000, 0x000000008ee00000, 0x000000008ef00000|  0%| F|  |TAMS 0x000000008ee00000, 0x000000008ee00000| Untracked 
| 211|0x000000008ef00000, 0x000000008ef00000, 0x000000008f000000|  0%| F|  |TAMS 0x000000008ef00000, 0x000000008ef00000| Untracked 
| 212|0x000000008f000000, 0x000000008f000000, 0x000000008f100000|  0%| F|  |TAMS 0x000000008f000000, 0x000000008f000000| Untracked 
| 213|0x000000008f100000, 0x000000008f100000, 0x000000008f200000|  0%| F|  |TAMS 0x000000008f100000, 0x000000008f100000| Untracked 
| 214|0x000000008f200000, 0x000000008f200000, 0x000000008f300000|  0%| F|  |TAMS 0x000000008f200000, 0x000000008f200000| Untracked 
| 215|0x000000008f300000, 0x000000008f300000, 0x000000008f400000|  0%| F|  |TAMS 0x000000008f300000, 0x000000008f300000| Untracked 
| 216|0x000000008f400000, 0x000000008f400000, 0x000000008f500000|  0%| F|  |TAMS 0x000000008f400000, 0x000000008f400000| Untracked 
| 217|0x000000008f500000, 0x000000008f500000, 0x000000008f600000|  0%| F|  |TAMS 0x000000008f500000, 0x000000008f500000| Untracked 
| 218|0x000000008f600000, 0x000000008f600000, 0x000000008f700000|  0%| F|  |TAMS 0x000000008f600000, 0x000000008f600000| Untracked 
| 219|0x000000008f700000, 0x000000008f700000, 0x000000008f800000|  0%| F|  |TAMS 0x000000008f700000, 0x000000008f700000| Untracked 
| 220|0x000000008f800000, 0x000000008f800000, 0x000000008f900000|  0%| F|  |TAMS 0x000000008f800000, 0x000000008f800000| Untracked 
| 221|0x000000008f900000, 0x000000008f900000, 0x000000008fa00000|  0%| F|  |TAMS 0x000000008f900000, 0x000000008f900000| Untracked 
| 222|0x000000008fa00000, 0x000000008fa00000, 0x000000008fb00000|  0%| F|  |TAMS 0x000000008fa00000, 0x000000008fa00000| Untracked 
| 223|0x000000008fb00000, 0x000000008fb00000, 0x000000008fc00000|  0%| F|  |TAMS 0x000000008fb00000, 0x000000008fb00000| Untracked 
| 224|0x000000008fc00000, 0x000000008fc00000, 0x000000008fd00000|  0%| F|  |TAMS 0x000000008fc00000, 0x000000008fc00000| Untracked 
| 225|0x000000008fd00000, 0x000000008fd00000, 0x000000008fe00000|  0%| F|  |TAMS 0x000000008fd00000, 0x000000008fd00000| Untracked 
| 226|0x000000008fe00000, 0x000000008fe00000, 0x000000008ff00000|  0%| F|  |TAMS 0x000000008fe00000, 0x000000008fe00000| Untracked 
| 227|0x000000008ff00000, 0x000000008ff00000, 0x0000000090000000|  0%| F|  |TAMS 0x000000008ff00000, 0x000000008ff00000| Untracked 
| 228|0x0000000090000000, 0x0000000090000000, 0x0000000090100000|  0%| F|  |TAMS 0x0000000090000000, 0x0000000090000000| Untracked 
| 229|0x0000000090100000, 0x0000000090100000, 0x0000000090200000|  0%| F|  |TAMS 0x0000000090100000, 0x0000000090100000| Untracked 
| 230|0x0000000090200000, 0x0000000090200000, 0x0000000090300000|  0%| F|  |TAMS 0x0000000090200000, 0x0000000090200000| Untracked 
| 231|0x0000000090300000, 0x0000000090300000, 0x0000000090400000|  0%| F|  |TAMS 0x0000000090300000, 0x0000000090300000| Untracked 
| 232|0x0000000090400000, 0x0000000090400000, 0x0000000090500000|  0%| F|  |TAMS 0x0000000090400000, 0x0000000090400000| Untracked 
| 233|0x0000000090500000, 0x0000000090500000, 0x0000000090600000|  0%| F|  |TAMS 0x0000000090500000, 0x0000000090500000| Untracked 
| 234|0x0000000090600000, 0x0000000090600000, 0x0000000090700000|  0%| F|  |TAMS 0x0000000090600000, 0x0000000090600000| Untracked 
| 235|0x0000000090700000, 0x0000000090700000, 0x0000000090800000|  0%| F|  |TAMS 0x0000000090700000, 0x0000000090700000| Untracked 
| 236|0x0000000090800000, 0x0000000090800000, 0x0000000090900000|  0%| F|  |TAMS 0x0000000090800000, 0x0000000090800000| Untracked 
| 237|0x0000000090900000, 0x0000000090900000, 0x0000000090a00000|  0%| F|  |TAMS 0x0000000090900000, 0x0000000090900000| Untracked 
| 238|0x0000000090a00000, 0x0000000090a00000, 0x0000000090b00000|  0%| F|  |TAMS 0x0000000090a00000, 0x0000000090a00000| Untracked 
| 239|0x0000000090b00000, 0x0000000090b00000, 0x0000000090c00000|  0%| F|  |TAMS 0x0000000090b00000, 0x0000000090b00000| Untracked 
| 240|0x0000000090c00000, 0x0000000090c00000, 0x0000000090d00000|  0%| F|  |TAMS 0x0000000090c00000, 0x0000000090c00000| Untracked 
| 241|0x0000000090d00000, 0x0000000090d00000, 0x0000000090e00000|  0%| F|  |TAMS 0x0000000090d00000, 0x0000000090d00000| Untracked 
| 242|0x0000000090e00000, 0x0000000090e00000, 0x0000000090f00000|  0%| F|  |TAMS 0x0000000090e00000, 0x0000000090e00000| Untracked 
| 243|0x0000000090f00000, 0x0000000090f00000, 0x0000000091000000|  0%| F|  |TAMS 0x0000000090f00000, 0x0000000090f00000| Untracked 
| 244|0x0000000091000000, 0x0000000091000000, 0x0000000091100000|  0%| F|  |TAMS 0x0000000091000000, 0x0000000091000000| Untracked 
| 245|0x0000000091100000, 0x0000000091100000, 0x0000000091200000|  0%| F|  |TAMS 0x0000000091100000, 0x0000000091100000| Untracked 
| 246|0x0000000091200000, 0x0000000091200000, 0x0000000091300000|  0%| F|  |TAMS 0x0000000091200000, 0x0000000091200000| Untracked 
| 247|0x0000000091300000, 0x0000000091300000, 0x0000000091400000|  0%| F|  |TAMS 0x0000000091300000, 0x0000000091300000| Untracked 
| 248|0x0000000091400000, 0x0000000091400000, 0x0000000091500000|  0%| F|  |TAMS 0x0000000091400000, 0x0000000091400000| Untracked 
| 249|0x0000000091500000, 0x0000000091500000, 0x0000000091600000|  0%| F|  |TAMS 0x0000000091500000, 0x0000000091500000| Untracked 
| 250|0x0000000091600000, 0x0000000091600000, 0x0000000091700000|  0%| F|  |TAMS 0x0000000091600000, 0x0000000091600000| Untracked 
| 251|0x0000000091700000, 0x0000000091700000, 0x0000000091800000|  0%| F|  |TAMS 0x0000000091700000, 0x0000000091700000| Untracked 
| 252|0x0000000091800000, 0x0000000091800000, 0x0000000091900000|  0%| F|  |TAMS 0x0000000091800000, 0x0000000091800000| Untracked 
| 253|0x0000000091900000, 0x0000000091900000, 0x0000000091a00000|  0%| F|  |TAMS 0x0000000091900000, 0x0000000091900000| Untracked 
| 254|0x0000000091a00000, 0x0000000091a00000, 0x0000000091b00000|  0%| F|  |TAMS 0x0000000091a00000, 0x0000000091a00000| Untracked 
| 255|0x0000000091b00000, 0x0000000091b00000, 0x0000000091c00000|  0%| F|  |TAMS 0x0000000091b00000, 0x0000000091b00000| Untracked 
| 256|0x0000000091c00000, 0x0000000091c00000, 0x0000000091d00000|  0%| F|  |TAMS 0x0000000091c00000, 0x0000000091c00000| Untracked 
| 257|0x0000000091d00000, 0x0000000091d00000, 0x0000000091e00000|  0%| F|  |TAMS 0x0000000091d00000, 0x0000000091d00000| Untracked 
| 258|0x0000000091e00000, 0x0000000091e00000, 0x0000000091f00000|  0%| F|  |TAMS 0x0000000091e00000, 0x0000000091e00000| Untracked 
| 259|0x0000000091f00000, 0x0000000091f00000, 0x0000000092000000|  0%| F|  |TAMS 0x0000000091f00000, 0x0000000091f00000| Untracked 
| 260|0x0000000092000000, 0x0000000092000000, 0x0000000092100000|  0%| F|  |TAMS 0x0000000092000000, 0x0000000092000000| Untracked 
| 261|0x0000000092100000, 0x0000000092100000, 0x0000000092200000|  0%| F|  |TAMS 0x0000000092100000, 0x0000000092100000| Untracked 
| 262|0x0000000092200000, 0x0000000092200000, 0x0000000092300000|  0%| F|  |TAMS 0x0000000092200000, 0x0000000092200000| Untracked 
| 263|0x0000000092300000, 0x0000000092300000, 0x0000000092400000|  0%| F|  |TAMS 0x0000000092300000, 0x0000000092300000| Untracked 
| 264|0x0000000092400000, 0x0000000092400000, 0x0000000092500000|  0%| F|  |TAMS 0x0000000092400000, 0x0000000092400000| Untracked 
| 265|0x0000000092500000, 0x0000000092500000, 0x0000000092600000|  0%| F|  |TAMS 0x0000000092500000, 0x0000000092500000| Untracked 
| 266|0x0000000092600000, 0x0000000092600000, 0x0000000092700000|  0%| F|  |TAMS 0x0000000092600000, 0x0000000092600000| Untracked 
| 267|0x0000000092700000, 0x0000000092700000, 0x0000000092800000|  0%| F|  |TAMS 0x0000000092700000, 0x0000000092700000| Untracked 
| 268|0x0000000092800000, 0x0000000092800000, 0x0000000092900000|  0%| F|  |TAMS 0x0000000092800000, 0x0000000092800000| Untracked 
| 269|0x0000000092900000, 0x0000000092900000, 0x0000000092a00000|  0%| F|  |TAMS 0x0000000092900000, 0x0000000092900000| Untracked 
| 270|0x0000000092a00000, 0x0000000092a00000, 0x0000000092b00000|  0%| F|  |TAMS 0x0000000092a00000, 0x0000000092a00000| Untracked 
| 271|0x0000000092b00000, 0x0000000092b00000, 0x0000000092c00000|  0%| F|  |TAMS 0x0000000092b00000, 0x0000000092b00000| Untracked 
| 272|0x0000000092c00000, 0x0000000092c00000, 0x0000000092d00000|  0%| F|  |TAMS 0x0000000092c00000, 0x0000000092c00000| Untracked 
| 273|0x0000000092d00000, 0x0000000092d00000, 0x0000000092e00000|  0%| F|  |TAMS 0x0000000092d00000, 0x0000000092d00000| Untracked 
| 274|0x0000000092e00000, 0x0000000092e00000, 0x0000000092f00000|  0%| F|  |TAMS 0x0000000092e00000, 0x0000000092e00000| Untracked 
| 275|0x0000000092f00000, 0x0000000092f00000, 0x0000000093000000|  0%| F|  |TAMS 0x0000000092f00000, 0x0000000092f00000| Untracked 
| 276|0x0000000093000000, 0x0000000093000000, 0x0000000093100000|  0%| F|  |TAMS 0x0000000093000000, 0x0000000093000000| Untracked 
| 277|0x0000000093100000, 0x0000000093100000, 0x0000000093200000|  0%| F|  |TAMS 0x0000000093100000, 0x0000000093100000| Untracked 
| 278|0x0000000093200000, 0x0000000093200000, 0x0000000093300000|  0%| F|  |TAMS 0x0000000093200000, 0x0000000093200000| Untracked 
| 279|0x0000000093300000, 0x0000000093300000, 0x0000000093400000|  0%| F|  |TAMS 0x0000000093300000, 0x0000000093300000| Untracked 
| 280|0x0000000093400000, 0x0000000093400000, 0x0000000093500000|  0%| F|  |TAMS 0x0000000093400000, 0x0000000093400000| Untracked 
| 281|0x0000000093500000, 0x0000000093500000, 0x0000000093600000|  0%| F|  |TAMS 0x0000000093500000, 0x0000000093500000| Untracked 
| 282|0x0000000093600000, 0x0000000093600000, 0x0000000093700000|  0%| F|  |TAMS 0x0000000093600000, 0x0000000093600000| Untracked 
| 283|0x0000000093700000, 0x0000000093700000, 0x0000000093800000|  0%| F|  |TAMS 0x0000000093700000, 0x0000000093700000| Untracked 
| 284|0x0000000093800000, 0x0000000093800000, 0x0000000093900000|  0%| F|  |TAMS 0x0000000093800000, 0x0000000093800000| Untracked 
| 285|0x0000000093900000, 0x0000000093924cc0, 0x0000000093a00000| 14%| S|CS|TAMS 0x0000000093900000, 0x0000000093900000| Complete 
| 286|0x0000000093a00000, 0x0000000093b00000, 0x0000000093b00000|100%| S|CS|TAMS 0x0000000093a00000, 0x0000000093a00000| Complete 
| 287|0x0000000093b00000, 0x0000000093b00000, 0x0000000093c00000|  0%| F|  |TAMS 0x0000000093b00000, 0x0000000093b00000| Untracked 
| 288|0x0000000093c00000, 0x0000000093c00000, 0x0000000093d00000|  0%| F|  |TAMS 0x0000000093c00000, 0x0000000093c00000| Untracked 
| 289|0x0000000093d00000, 0x0000000093d00000, 0x0000000093e00000|  0%| F|  |TAMS 0x0000000093d00000, 0x0000000093d00000| Untracked 
| 290|0x0000000093e00000, 0x0000000093e00000, 0x0000000093f00000|  0%| F|  |TAMS 0x0000000093e00000, 0x0000000093e00000| Untracked 
| 291|0x0000000093f00000, 0x0000000093f00000, 0x0000000094000000|  0%| F|  |TAMS 0x0000000093f00000, 0x0000000093f00000| Untracked 
| 292|0x0000000094000000, 0x0000000094000000, 0x0000000094100000|  0%| F|  |TAMS 0x0000000094000000, 0x0000000094000000| Untracked 
| 293|0x0000000094100000, 0x0000000094100000, 0x0000000094200000|  0%| F|  |TAMS 0x0000000094100000, 0x0000000094100000| Untracked 
| 294|0x0000000094200000, 0x0000000094200000, 0x0000000094300000|  0%| F|  |TAMS 0x0000000094200000, 0x0000000094200000| Untracked 
| 295|0x0000000094300000, 0x0000000094300000, 0x0000000094400000|  0%| F|  |TAMS 0x0000000094300000, 0x0000000094300000| Untracked 
| 296|0x0000000094400000, 0x0000000094400000, 0x0000000094500000|  0%| F|  |TAMS 0x0000000094400000, 0x0000000094400000| Untracked 
| 297|0x0000000094500000, 0x0000000094500000, 0x0000000094600000|  0%| F|  |TAMS 0x0000000094500000, 0x0000000094500000| Untracked 
| 298|0x0000000094600000, 0x0000000094600000, 0x0000000094700000|  0%| F|  |TAMS 0x0000000094600000, 0x0000000094600000| Untracked 
| 299|0x0000000094700000, 0x0000000094700000, 0x0000000094800000|  0%| F|  |TAMS 0x0000000094700000, 0x0000000094700000| Untracked 
| 300|0x0000000094800000, 0x0000000094800000, 0x0000000094900000|  0%| F|  |TAMS 0x0000000094800000, 0x0000000094800000| Untracked 
| 301|0x0000000094900000, 0x0000000094900000, 0x0000000094a00000|  0%| F|  |TAMS 0x0000000094900000, 0x0000000094900000| Untracked 
| 302|0x0000000094a00000, 0x0000000094a00000, 0x0000000094b00000|  0%| F|  |TAMS 0x0000000094a00000, 0x0000000094a00000| Untracked 
| 303|0x0000000094b00000, 0x0000000094b00000, 0x0000000094c00000|  0%| F|  |TAMS 0x0000000094b00000, 0x0000000094b00000| Untracked 
| 304|0x0000000094c00000, 0x0000000094c00000, 0x0000000094d00000|  0%| F|  |TAMS 0x0000000094c00000, 0x0000000094c00000| Untracked 
| 305|0x0000000094d00000, 0x0000000094d00000, 0x0000000094e00000|  0%| F|  |TAMS 0x0000000094d00000, 0x0000000094d00000| Untracked 
| 306|0x0000000094e00000, 0x0000000094e00000, 0x0000000094f00000|  0%| F|  |TAMS 0x0000000094e00000, 0x0000000094e00000| Untracked 
| 307|0x0000000094f00000, 0x0000000094f00000, 0x0000000095000000|  0%| F|  |TAMS 0x0000000094f00000, 0x0000000094f00000| Untracked 
| 308|0x0000000095000000, 0x0000000095000000, 0x0000000095100000|  0%| F|  |TAMS 0x0000000095000000, 0x0000000095000000| Untracked 
| 309|0x0000000095100000, 0x0000000095100000, 0x0000000095200000|  0%| F|  |TAMS 0x0000000095100000, 0x0000000095100000| Untracked 
| 310|0x0000000095200000, 0x0000000095200000, 0x0000000095300000|  0%| F|  |TAMS 0x0000000095200000, 0x0000000095200000| Untracked 
| 311|0x0000000095300000, 0x0000000095300000, 0x0000000095400000|  0%| F|  |TAMS 0x0000000095300000, 0x0000000095300000| Untracked 
| 312|0x0000000095400000, 0x0000000095400000, 0x0000000095500000|  0%| F|  |TAMS 0x0000000095400000, 0x0000000095400000| Untracked 
| 313|0x0000000095500000, 0x0000000095500000, 0x0000000095600000|  0%| F|  |TAMS 0x0000000095500000, 0x0000000095500000| Untracked 
| 314|0x0000000095600000, 0x0000000095600000, 0x0000000095700000|  0%| F|  |TAMS 0x0000000095600000, 0x0000000095600000| Untracked 
| 315|0x0000000095700000, 0x0000000095700000, 0x0000000095800000|  0%| F|  |TAMS 0x0000000095700000, 0x0000000095700000| Untracked 
| 316|0x0000000095800000, 0x0000000095800000, 0x0000000095900000|  0%| F|  |TAMS 0x0000000095800000, 0x0000000095800000| Untracked 
| 317|0x0000000095900000, 0x0000000095900000, 0x0000000095a00000|  0%| F|  |TAMS 0x0000000095900000, 0x0000000095900000| Untracked 
| 318|0x0000000095a00000, 0x0000000095a00000, 0x0000000095b00000|  0%| F|  |TAMS 0x0000000095a00000, 0x0000000095a00000| Untracked 
| 319|0x0000000095b00000, 0x0000000095b00000, 0x0000000095c00000|  0%| F|  |TAMS 0x0000000095b00000, 0x0000000095b00000| Untracked 
| 320|0x0000000095c00000, 0x0000000095c00000, 0x0000000095d00000|  0%| F|  |TAMS 0x0000000095c00000, 0x0000000095c00000| Untracked 
| 321|0x0000000095d00000, 0x0000000095d00000, 0x0000000095e00000|  0%| F|  |TAMS 0x0000000095d00000, 0x0000000095d00000| Untracked 
| 322|0x0000000095e00000, 0x0000000095e00000, 0x0000000095f00000|  0%| F|  |TAMS 0x0000000095e00000, 0x0000000095e00000| Untracked 
| 323|0x0000000095f00000, 0x0000000095f00000, 0x0000000096000000|  0%| F|  |TAMS 0x0000000095f00000, 0x0000000095f00000| Untracked 
| 324|0x0000000096000000, 0x0000000096000000, 0x0000000096100000|  0%| F|  |TAMS 0x0000000096000000, 0x0000000096000000| Untracked 
| 325|0x0000000096100000, 0x0000000096100000, 0x0000000096200000|  0%| F|  |TAMS 0x0000000096100000, 0x0000000096100000| Untracked 
| 326|0x0000000096200000, 0x0000000096200000, 0x0000000096300000|  0%| F|  |TAMS 0x0000000096200000, 0x0000000096200000| Untracked 
| 327|0x0000000096300000, 0x0000000096300000, 0x0000000096400000|  0%| F|  |TAMS 0x0000000096300000, 0x0000000096300000| Untracked 
| 328|0x0000000096400000, 0x0000000096400000, 0x0000000096500000|  0%| F|  |TAMS 0x0000000096400000, 0x0000000096400000| Untracked 
| 329|0x0000000096500000, 0x0000000096500000, 0x0000000096600000|  0%| F|  |TAMS 0x0000000096500000, 0x0000000096500000| Untracked 
| 330|0x0000000096600000, 0x0000000096600000, 0x0000000096700000|  0%| F|  |TAMS 0x0000000096600000, 0x0000000096600000| Untracked 
| 331|0x0000000096700000, 0x0000000096700000, 0x0000000096800000|  0%| F|  |TAMS 0x0000000096700000, 0x0000000096700000| Untracked 
| 332|0x0000000096800000, 0x0000000096800000, 0x0000000096900000|  0%| F|  |TAMS 0x0000000096800000, 0x0000000096800000| Untracked 
| 333|0x0000000096900000, 0x0000000096900000, 0x0000000096a00000|  0%| F|  |TAMS 0x0000000096900000, 0x0000000096900000| Untracked 
| 334|0x0000000096a00000, 0x0000000096a00000, 0x0000000096b00000|  0%| F|  |TAMS 0x0000000096a00000, 0x0000000096a00000| Untracked 
| 335|0x0000000096b00000, 0x0000000096b00000, 0x0000000096c00000|  0%| F|  |TAMS 0x0000000096b00000, 0x0000000096b00000| Untracked 
| 336|0x0000000096c00000, 0x0000000096c00000, 0x0000000096d00000|  0%| F|  |TAMS 0x0000000096c00000, 0x0000000096c00000| Untracked 
| 337|0x0000000096d00000, 0x0000000096d00000, 0x0000000096e00000|  0%| F|  |TAMS 0x0000000096d00000, 0x0000000096d00000| Untracked 
| 338|0x0000000096e00000, 0x0000000096e00000, 0x0000000096f00000|  0%| F|  |TAMS 0x0000000096e00000, 0x0000000096e00000| Untracked 
| 339|0x0000000096f00000, 0x0000000096f00000, 0x0000000097000000|  0%| F|  |TAMS 0x0000000096f00000, 0x0000000096f00000| Untracked 
| 340|0x0000000097000000, 0x0000000097000000, 0x0000000097100000|  0%| F|  |TAMS 0x0000000097000000, 0x0000000097000000| Untracked 
| 341|0x0000000097100000, 0x0000000097100000, 0x0000000097200000|  0%| F|  |TAMS 0x0000000097100000, 0x0000000097100000| Untracked 
| 342|0x0000000097200000, 0x0000000097200000, 0x0000000097300000|  0%| F|  |TAMS 0x0000000097200000, 0x0000000097200000| Untracked 
| 343|0x0000000097300000, 0x0000000097300000, 0x0000000097400000|  0%| F|  |TAMS 0x0000000097300000, 0x0000000097300000| Untracked 
| 344|0x0000000097400000, 0x0000000097400000, 0x0000000097500000|  0%| F|  |TAMS 0x0000000097400000, 0x0000000097400000| Untracked 
| 345|0x0000000097500000, 0x0000000097500000, 0x0000000097600000|  0%| F|  |TAMS 0x0000000097500000, 0x0000000097500000| Untracked 
| 346|0x0000000097600000, 0x0000000097600000, 0x0000000097700000|  0%| F|  |TAMS 0x0000000097600000, 0x0000000097600000| Untracked 
| 347|0x0000000097700000, 0x0000000097700000, 0x0000000097800000|  0%| F|  |TAMS 0x0000000097700000, 0x0000000097700000| Untracked 
| 348|0x0000000097800000, 0x0000000097800000, 0x0000000097900000|  0%| F|  |TAMS 0x0000000097800000, 0x0000000097800000| Untracked 
| 349|0x0000000097900000, 0x0000000097900000, 0x0000000097a00000|  0%| F|  |TAMS 0x0000000097900000, 0x0000000097900000| Untracked 
| 350|0x0000000097a00000, 0x0000000097a00000, 0x0000000097b00000|  0%| F|  |TAMS 0x0000000097a00000, 0x0000000097a00000| Untracked 
| 351|0x0000000097b00000, 0x0000000097b00000, 0x0000000097c00000|  0%| F|  |TAMS 0x0000000097b00000, 0x0000000097b00000| Untracked 
| 352|0x0000000097c00000, 0x0000000097c00000, 0x0000000097d00000|  0%| F|  |TAMS 0x0000000097c00000, 0x0000000097c00000| Untracked 
| 353|0x0000000097d00000, 0x0000000097d00000, 0x0000000097e00000|  0%| F|  |TAMS 0x0000000097d00000, 0x0000000097d00000| Untracked 
| 354|0x0000000097e00000, 0x0000000097e00000, 0x0000000097f00000|  0%| F|  |TAMS 0x0000000097e00000, 0x0000000097e00000| Untracked 
| 355|0x0000000097f00000, 0x0000000097f00000, 0x0000000098000000|  0%| F|  |TAMS 0x0000000097f00000, 0x0000000097f00000| Untracked 
| 356|0x0000000098000000, 0x0000000098000000, 0x0000000098100000|  0%| F|  |TAMS 0x0000000098000000, 0x0000000098000000| Untracked 
| 357|0x0000000098100000, 0x0000000098100000, 0x0000000098200000|  0%| F|  |TAMS 0x0000000098100000, 0x0000000098100000| Untracked 
| 358|0x0000000098200000, 0x0000000098200000, 0x0000000098300000|  0%| F|  |TAMS 0x0000000098200000, 0x0000000098200000| Untracked 
| 359|0x0000000098300000, 0x0000000098300000, 0x0000000098400000|  0%| F|  |TAMS 0x0000000098300000, 0x0000000098300000| Untracked 
| 360|0x0000000098400000, 0x0000000098400000, 0x0000000098500000|  0%| F|  |TAMS 0x0000000098400000, 0x0000000098400000| Untracked 
| 361|0x0000000098500000, 0x0000000098500000, 0x0000000098600000|  0%| F|  |TAMS 0x0000000098500000, 0x0000000098500000| Untracked 
| 362|0x0000000098600000, 0x0000000098600000, 0x0000000098700000|  0%| F|  |TAMS 0x0000000098600000, 0x0000000098600000| Untracked 
| 363|0x0000000098700000, 0x0000000098700000, 0x0000000098800000|  0%| F|  |TAMS 0x0000000098700000, 0x0000000098700000| Untracked 
| 364|0x0000000098800000, 0x0000000098800000, 0x0000000098900000|  0%| F|  |TAMS 0x0000000098800000, 0x0000000098800000| Untracked 
| 365|0x0000000098900000, 0x0000000098900000, 0x0000000098a00000|  0%| F|  |TAMS 0x0000000098900000, 0x0000000098900000| Untracked 
| 366|0x0000000098a00000, 0x0000000098a00000, 0x0000000098b00000|  0%| F|  |TAMS 0x0000000098a00000, 0x0000000098a00000| Untracked 
| 367|0x0000000098b00000, 0x0000000098b00000, 0x0000000098c00000|  0%| F|  |TAMS 0x0000000098b00000, 0x0000000098b00000| Untracked 
| 368|0x0000000098c00000, 0x0000000098c00000, 0x0000000098d00000|  0%| F|  |TAMS 0x0000000098c00000, 0x0000000098c00000| Untracked 
| 369|0x0000000098d00000, 0x0000000098d00000, 0x0000000098e00000|  0%| F|  |TAMS 0x0000000098d00000, 0x0000000098d00000| Untracked 

Card table byte_map: [0x000002236eae0000,0x000002236eee0000] _byte_map_base: 0x000002236e6d2000

Marking Bits (Prev, Next): (CMBitMap*) 0x0000022357ac2d20, (CMBitMap*) 0x0000022357ac2d60
 Prev Bits: [0x000002236f2e0000, 0x0000022371270000)
 Next Bits: [0x0000022371270000, 0x0000022373200000)

Polling page: 0x0000022355a00000

Metaspace:

Usage:
  Non-class:     10.19 MB used.
      Class:      1.29 MB used.
       Both:     11.48 MB used.

Virtual space:
  Non-class space:       64.00 MB reserved,      10.25 MB ( 16%) committed,  1 nodes.
      Class space:        1.00 GB reserved,       1.44 MB ( <1%) committed,  1 nodes.
             Both:        1.06 GB reserved,      11.69 MB (  1%) committed. 

Chunk freelists:
   Non-Class:  1.00 MB
       Class:  2.61 MB
        Both:  3.61 MB

MaxMetaspaceSize: unlimited
CompressedClassSpaceSize: 1.00 GB
Initial GC threshold: 21.00 MB
Current GC threshold: 21.00 MB
CDS: on
MetaspaceReclaimPolicy: balanced
 - commit_granule_bytes: 65536.
 - commit_granule_words: 8192.
 - virtual_space_node_default_size: 8388608.
 - enlarge_chunks_in_place: 1.
 - new_chunks_are_fully_committed: 0.
 - uncommit_free_chunks: 1.
 - use_allocation_guard: 0.


Internal statistics:

num_allocs_failed_limit: 0.
num_arena_births: 150.
num_arena_deaths: 0.
num_vsnodes_births: 2.
num_vsnodes_deaths: 0.
num_space_committed: 187.
num_space_uncommitted: 0.
num_chunks_returned_to_freelist: 0.
num_chunks_taken_from_freelist: 225.
num_chunk_merges: 0.
num_chunk_splits: 119.
num_chunks_enlarged: 42.
num_inconsistent_stats: 0.

CodeHeap 'non-profiled nmethods': size=120000Kb used=1256Kb max_used=1256Kb free=118743Kb
 bounds [0x0000022366e70000, 0x00000223670e0000, 0x000002236e3a0000]
CodeHeap 'profiled nmethods': size=120000Kb used=4559Kb max_used=4559Kb free=115440Kb
 bounds [0x000002235f940000, 0x000002235fdc0000, 0x0000022366e70000]
CodeHeap 'non-nmethods': size=5760Kb used=1303Kb max_used=1368Kb free=4456Kb
 bounds [0x000002235f3a0000, 0x000002235f610000, 0x000002235f940000]
 total_blobs=3095 nmethods=2470 adapters=536
 compilation: enabled
              stopped_count=0, restarted_count=0
 full_count=0

Compilation events (20 events):
Event: 37.067 Thread 0x0000022375beb570 2482 %     3       gui.GUI::compute_Levenshtein_distanceDP @ 20 (174 bytes)
Event: 37.068 Thread 0x000002237b1c5610 nmethod 2472 0x0000022366fa0e10 code [0x0000022366fa0f80, 0x0000022366fa10d8]
Event: 37.068 Thread 0x000002237b1c5610 2476       4       gui.GUI::minm_edits (16 bytes)
Event: 37.072 Thread 0x0000022375beb570 nmethod 2482% 0x000002235fdad490 code [0x000002235fdad8a0, 0x000002235fdaf9e8]
Event: 37.084 Thread 0x0000022375beab40 nmethod 2471 0x0000022366fa1210 code [0x0000022366fa13c0, 0x0000022366fa1858]
Event: 37.084 Thread 0x0000022375beab40 2478       4       java.util.stream.StreamSupport::intStream (14 bytes)
Event: 37.090 Thread 0x0000022375beab40 nmethod 2478 0x0000022366fa1f10 code [0x0000022366fa20a0, 0x0000022366fa22d8]
Event: 37.090 Thread 0x0000022375beab40 2477       4       java.util.Spliterators::spliterator (25 bytes)
Event: 37.094 Thread 0x0000022375beab40 nmethod 2477 0x0000022366fa2490 code [0x0000022366fa2620, 0x0000022366fa2798]
Event: 37.094 Thread 0x0000022375beab40 2474       4       java.util.stream.AbstractPipeline::wrapAndCopyInto (18 bytes)
Event: 37.099 Thread 0x000002237b1c5610 nmethod 2476 0x0000022366fa2910 code [0x0000022366fa2ac0, 0x0000022366fa3058]
Event: 37.100 Thread 0x000002237b1c5610 2483 %     4       gui.GUI::compute_Levenshtein_distanceDP @ 32 (174 bytes)
Event: 37.110 Thread 0x0000022375beab40 nmethod 2474 0x0000022366fa3790 code [0x0000022366fa3940, 0x0000022366fa3dd8]
Event: 37.180 Thread 0x000002237b1c5610 nmethod 2483% 0x0000022366fa4210 code [0x0000022366fa4420, 0x0000022366fa5298]
Event: 37.181 Thread 0x000002237b1c5610 2484       4       gui.GUI::compute_Levenshtein_distanceDP (174 bytes)
Event: 37.248 Thread 0x000002237b1c5610 nmethod 2484 0x0000022366fa6190 code [0x0000022366fa63a0, 0x0000022366fa7258]
Event: 37.491 Thread 0x0000022375beb570 2485 %     3       gui.GUI::compute_Levenshtein_distanceDP @ 32 (174 bytes)
Event: 37.494 Thread 0x0000022375beb570 nmethod 2485% 0x000002235fdb0910 code [0x000002235fdb0d20, 0x000002235fdb2e08]
Event: 37.495 Thread 0x0000022375beab40 2486 %     4       gui.GUI::compute_Levenshtein_distanceDP @ 32 (174 bytes)
Event: 37.538 Thread 0x0000022375beab40 nmethod 2486% 0x0000022366fa8110 code [0x0000022366fa8320, 0x0000022366fa9198]

GC Heap History (20 events):
Event: 36.959 GC heap after
{Heap after GC invocations=7 (full 0):
 garbage-first heap   total 189440K, used 90408K [0x0000000081c00000, 0x0000000100000000)
  region size 1024K, 4 young (4096K), 4 survivors (4096K)
 Metaspace       used 11734K, committed 11904K, reserved 1114112K
  class space    used 1315K, committed 1408K, reserved 1048576K
}
Event: 37.166 GC heap before
{Heap before GC invocations=8 (full 0):
 garbage-first heap   total 189440K, used 124200K [0x0000000081c00000, 0x0000000100000000)
  region size 1024K, 37 young (37888K), 4 survivors (4096K)
 Metaspace       used 11755K, committed 11968K, reserved 1114112K
  class space    used 1318K, committed 1472K, reserved 1048576K
}
Event: 37.177 GC heap after
{Heap after GC invocations=9 (full 0):
 garbage-first heap   total 189440K, used 97280K [0x0000000081c00000, 0x0000000100000000)
  region size 1024K, 5 young (5120K), 5 survivors (5120K)
 Metaspace       used 11755K, committed 11968K, reserved 1114112K
  class space    used 1318K, committed 1472K, reserved 1048576K
}
Event: 37.205 GC heap before
{Heap before GC invocations=9 (full 0):
 garbage-first heap   total 189440K, used 130048K [0x0000000081c00000, 0x0000000100000000)
  region size 1024K, 37 young (37888K), 5 survivors (5120K)
 Metaspace       used 11755K, committed 11968K, reserved 1114112K
  class space    used 1318K, committed 1472K, reserved 1048576K
}
Event: 37.213 GC heap after
{Heap after GC invocations=10 (full 0):
 garbage-first heap   total 189440K, used 98303K [0x0000000081c00000, 0x0000000100000000)
  region size 1024K, 1 young (1024K), 1 survivors (1024K)
 Metaspace       used 11755K, committed 11968K, reserved 1114112K
  class space    used 1318K, committed 1472K, reserved 1048576K
}
Event: 37.244 GC heap before
{Heap before GC invocations=10 (full 0):
 garbage-first heap   total 189440K, used 135167K [0x0000000081c00000, 0x0000000100000000)
  region size 1024K, 37 young (37888K), 1 survivors (1024K)
 Metaspace       used 11755K, committed 11968K, reserved 1114112K
  class space    used 1318K, committed 1472K, reserved 1048576K
}
Event: 37.246 GC heap after
{Heap after GC invocations=11 (full 0):
 garbage-first heap   total 189440K, used 98225K [0x0000000081c00000, 0x0000000100000000)
  region size 1024K, 1 young (1024K), 1 survivors (1024K)
 Metaspace       used 11755K, committed 11968K, reserved 1114112K
  class space    used 1318K, committed 1472K, reserved 1048576K
}
Event: 37.268 GC heap before
{Heap before GC invocations=11 (full 0):
 garbage-first heap   total 189440K, used 139185K [0x0000000081c00000, 0x0000000100000000)
  region size 1024K, 41 young (41984K), 1 survivors (1024K)
 Metaspace       used 11755K, committed 11968K, reserved 1114112K
  class space    used 1318K, committed 1472K, reserved 1048576K
}
Event: 37.269 GC heap after
{Heap after GC invocations=12 (full 0):
 garbage-first heap   total 189440K, used 98166K [0x0000000081c00000, 0x0000000100000000)
  region size 1024K, 1 young (1024K), 1 survivors (1024K)
 Metaspace       used 11755K, committed 11968K, reserved 1114112K
  class space    used 1318K, committed 1472K, reserved 1048576K
}
Event: 37.283 GC heap before
{Heap before GC invocations=12 (full 0):
 garbage-first heap   total 189440K, used 116598K [0x0000000081c00000, 0x0000000100000000)
  region size 1024K, 19 young (19456K), 1 survivors (1024K)
 Metaspace       used 11755K, committed 11968K, reserved 1114112K
  class space    used 1318K, committed 1472K, reserved 1048576K
}
Event: 37.287 GC heap after
{Heap after GC invocations=13 (full 0):
 garbage-first heap   total 378880K, used 98151K [0x0000000081c00000, 0x0000000100000000)
  region size 1024K, 1 young (1024K), 1 survivors (1024K)
 Metaspace       used 11755K, committed 11968K, reserved 1114112K
  class space    used 1318K, committed 1472K, reserved 1048576K
}
Event: 37.321 GC heap before
{Heap before GC invocations=13 (full 0):
 garbage-first heap   total 378880K, used 118631K [0x0000000081c00000, 0x0000000100000000)
  region size 1024K, 21 young (21504K), 1 survivors (1024K)
 Metaspace       used 11755K, committed 11968K, reserved 1114112K
  class space    used 1318K, committed 1472K, reserved 1048576K
}
Event: 37.322 GC heap after
{Heap after GC invocations=14 (full 0):
 garbage-first heap   total 378880K, used 98150K [0x0000000081c00000, 0x0000000100000000)
  region size 1024K, 1 young (1024K), 1 survivors (1024K)
 Metaspace       used 11755K, committed 11968K, reserved 1114112K
  class space    used 1318K, committed 1472K, reserved 1048576K
}
Event: 37.408 GC heap before
{Heap before GC invocations=14 (full 0):
 garbage-first heap   total 378880K, used 127846K [0x0000000081c00000, 0x0000000100000000)
  region size 1024K, 24 young (24576K), 1 survivors (1024K)
 Metaspace       used 11755K, committed 11968K, reserved 1114112K
  class space    used 1318K, committed 1472K, reserved 1048576K
}
Event: 37.421 GC heap after
{Heap after GC invocations=15 (full 0):
 garbage-first heap   total 378880K, used 122892K [0x0000000081c00000, 0x0000000100000000)
  region size 1024K, 3 young (3072K), 3 survivors (3072K)
 Metaspace       used 11755K, committed 11968K, reserved 1114112K
  class space    used 1318K, committed 1472K, reserved 1048576K
}
Event: 37.476 GC heap before
{Heap before GC invocations=16 (full 0):
 garbage-first heap   total 378880K, used 138252K [0x0000000081c00000, 0x0000000100000000)
  region size 1024K, 18 young (18432K), 3 survivors (3072K)
 Metaspace       used 11755K, committed 11968K, reserved 1114112K
  class space    used 1318K, committed 1472K, reserved 1048576K
}
Event: 37.488 GC heap after
{Heap after GC invocations=17 (full 0):
 garbage-first heap   total 378880K, used 139264K [0x0000000081c00000, 0x0000000100000000)
  region size 1024K, 3 young (3072K), 3 survivors (3072K)
 Metaspace       used 11755K, committed 11968K, reserved 1114112K
  class space    used 1318K, committed 1472K, reserved 1048576K
}
Event: 37.507 GC heap before
{Heap before GC invocations=17 (full 0):
 garbage-first heap   total 378880K, used 154624K [0x0000000081c00000, 0x0000000100000000)
  region size 1024K, 18 young (18432K), 3 survivors (3072K)
 Metaspace       used 11755K, committed 11968K, reserved 1114112K
  class space    used 1318K, committed 1472K, reserved 1048576K
}
Event: 37.512 GC heap after
{Heap after GC invocations=18 (full 0):
 garbage-first heap   total 378880K, used 141220K [0x0000000081c00000, 0x0000000100000000)
  region size 1024K, 2 young (2048K), 2 survivors (2048K)
 Metaspace       used 11755K, committed 11968K, reserved 1114112K
  class space    used 1318K, committed 1472K, reserved 1048576K
}
Event: 37.645 GC heap before
{Heap before GC invocations=18 (full 0):
 garbage-first heap   total 378880K, used 224164K [0x0000000081c00000, 0x0000000100000000)
  region size 1024K, 83 young (84992K), 2 survivors (2048K)
 Metaspace       used 11755K, committed 11968K, reserved 1114112K
  class space    used 1318K, committed 1472K, reserved 1048576K
}

Deoptimization events (20 events):
Event: 34.999 Thread 0x000002237acfc360 DEOPT PACKING pc=0x0000022366f8d898 sp=0x00000060300fedc0
Event: 34.999 Thread 0x000002237acfc360 DEOPT UNPACKING pc=0x000002235f3f23a3 sp=0x00000060300fec00 mode 2
Event: 35.057 Thread 0x000002237acfc360 Uncommon trap: trap_request=0xffffffde fr.pc=0x0000022366f8d898 relative=0x0000000000004af8
Event: 35.057 Thread 0x000002237acfc360 Uncommon trap: reason=class_check action=maybe_recompile pc=0x0000022366f8d898 method=java.awt.EventQueue.coalesceEvent(Ljava/awt/AWTEvent;I)Z @ 77 c2
Event: 35.057 Thread 0x000002237acfc360 DEOPT PACKING pc=0x0000022366f8d898 sp=0x00000060300fedc0
Event: 35.057 Thread 0x000002237acfc360 DEOPT UNPACKING pc=0x000002235f3f23a3 sp=0x00000060300fec00 mode 2
Event: 36.035 Thread 0x000002237acfc360 DEOPT PACKING pc=0x000002235fd45a83 sp=0x00000060300fda80
Event: 36.035 Thread 0x000002237acfc360 DEOPT UNPACKING pc=0x000002235f3f2b43 sp=0x00000060300fcef0 mode 0
Event: 37.181 Thread 0x000002237acfc360 DEOPT PACKING pc=0x000002235fdac3e7 sp=0x00000060300fdee0
Event: 37.181 Thread 0x000002237acfc360 DEOPT UNPACKING pc=0x000002235f3f2b43 sp=0x00000060300fd4a8 mode 0
Event: 37.327 Thread 0x000002237acfc360 Uncommon trap: trap_request=0xffffff45 fr.pc=0x0000022366fa4678 relative=0x0000000000000258
Event: 37.327 Thread 0x000002237acfc360 Uncommon trap: reason=unstable_if action=reinterpret pc=0x0000022366fa4678 method=gui.GUI.compute_Levenshtein_distanceDP(Ljava/lang/String;Ljava/lang/String;)I @ 26 c2
Event: 37.327 Thread 0x000002237acfc360 DEOPT PACKING pc=0x0000022366fa4678 sp=0x00000060300fdfc0
Event: 37.327 Thread 0x000002237acfc360 DEOPT UNPACKING pc=0x000002235f3f23a3 sp=0x00000060300fdfa8 mode 2
Event: 37.491 Thread 0x000002237acfc360 Uncommon trap: trap_request=0xffffffbe fr.pc=0x0000022366fa6e30 relative=0x0000000000000a90
Event: 37.491 Thread 0x000002237acfc360 Uncommon trap: reason=profile_predicate action=maybe_recompile pc=0x0000022366fa6e30 method=gui.GUI.compute_Levenshtein_distanceDP(Ljava/lang/String;Ljava/lang/String;)I @ 38 c2
Event: 37.491 Thread 0x000002237acfc360 DEOPT PACKING pc=0x0000022366fa6e30 sp=0x00000060300fdfd0
Event: 37.491 Thread 0x000002237acfc360 DEOPT UNPACKING pc=0x000002235f3f23a3 sp=0x00000060300fdfa8 mode 2
Event: 37.538 Thread 0x000002237acfc360 DEOPT PACKING pc=0x000002235fdaf83d sp=0x00000060300fdee0
Event: 37.538 Thread 0x000002237acfc360 DEOPT UNPACKING pc=0x000002235f3f2b43 sp=0x00000060300fd4a8 mode 0

Classes loaded (20 events):
Event: 22.103 Loading class java/awt/LightweightDispatcher$2
Event: 22.103 Loading class java/awt/LightweightDispatcher$2 done
Event: 22.212 Loading class javax/swing/text/AbstractDocument$ElementEdit
Event: 22.212 Loading class javax/swing/text/AbstractDocument$ElementEdit done
Event: 23.658 Loading class java/awt/event/MouseWheelEvent
Event: 23.659 Loading class java/awt/event/MouseWheelEvent done
Event: 26.113 Loading class javax/swing/text/DefaultHighlighter$LayeredHighlightInfo
Event: 26.113 Loading class javax/swing/text/DefaultHighlighter$HighlightInfo
Event: 26.113 Loading class javax/swing/text/DefaultHighlighter$HighlightInfo done
Event: 26.113 Loading class javax/swing/text/DefaultHighlighter$LayeredHighlightInfo done
Event: 36.916 Loading class sun/awt/shell/Win32ShellFolder2$FolderDisposer$1
Event: 36.916 Loading class sun/awt/shell/Win32ShellFolder2$FolderDisposer$1 done
Event: 36.995 Loading class java/util/Spliterators$IntArraySpliterator
Event: 36.996 Loading class java/util/Spliterators$IntArraySpliterator done
Event: 36.998 Loading class java/util/function/IntBinaryOperator
Event: 36.999 Loading class java/util/function/IntBinaryOperator done
Event: 37.000 Loading class java/util/stream/ReduceOps$7
Event: 37.000 Loading class java/util/stream/ReduceOps$7 done
Event: 37.000 Loading class java/util/stream/ReduceOps$6ReducingSink
Event: 37.001 Loading class java/util/stream/ReduceOps$6ReducingSink done

Classes unloaded (0 events):
No events

Classes redefined (0 events):
No events

Internal exceptions (18 events):
Event: 0.220 Thread 0x0000022357a67220 Exception <a 'java/lang/NoSuchMethodError'{0x0000000089aacb00}: 'void java.lang.invoke.DirectMethodHandle$Holder.invokeStatic(java.lang.Object, java.lang.Object, java.lang.Object)'> (0x0000000089aacb00) 
thrown [s\open\src\hotspot\share\interpreter\linkResolver.cpp, line 759]
Event: 0.228 Thread 0x0000022357a67220 Exception <a 'java/lang/NoSuchMethodError'{0x0000000089ac5818}: 'java.lang.Object java.lang.invoke.Invokers$Holder.invokeExact_MT(java.lang.Object, java.lang.Object, java.lang.Object, java.lang.Object, java.lang.Object)'> (0x0000000089ac5818) 
thrown [s\open\src\hotspot\share\interpreter\linkResolver.cpp, line 759]
Event: 0.250 Thread 0x000002237a1ddae0 Exception <a 'java/lang/NoSuchMethodError'{0x0000000089af2b80}: 'void java.lang.invoke.DirectMethodHandle$Holder.invokeStatic(java.lang.Object, java.lang.Object)'> (0x0000000089af2b80) 
thrown [s\open\src\hotspot\share\interpreter\linkResolver.cpp, line 759]
Event: 0.316 Thread 0x0000022357a67220 Exception <a 'java/lang/ClassNotFoundException'{0x0000000089ae8870}: sun/awt/resources/spi/awtProvider> (0x0000000089ae8870) 
thrown [s\open\src\hotspot\share\classfile\systemDictionary.cpp, line 255]
Event: 0.374 Thread 0x0000022357a67220 Exception <a 'java/io/FileNotFoundException'{0x00000000899c3de0}> (0x00000000899c3de0) 
thrown [s\open\src\hotspot\share\prims\jni.cpp, line 516]
Event: 0.390 Thread 0x0000022357a67220 Exception <a 'java/io/FileNotFoundException'{0x00000000899f0ee0}> (0x00000000899f0ee0) 
thrown [s\open\src\hotspot\share\prims\jni.cpp, line 516]
Event: 0.492 Thread 0x0000022357a67220 Exception <a 'java/lang/NoSuchMethodError'{0x0000000089835250}: 'java.lang.Object java.lang.invoke.DirectMethodHandle$Holder.invokeStaticInit(java.lang.Object)'> (0x0000000089835250) 
thrown [s\open\src\hotspot\share\interpreter\linkResolver.cpp, line 759]
Event: 0.558 Thread 0x0000022357a67220 Exception <a 'java/lang/NoSuchMethodError'{0x0000000089708358}: 'void java.lang.invoke.DirectMethodHandle$Holder.invokeSpecial(java.lang.Object, java.lang.Object, java.lang.Object)'> (0x0000000089708358) 
thrown [s\open\src\hotspot\share\interpreter\linkResolver.cpp, line 759]
Event: 0.579 Thread 0x0000022357a67220 Exception <a 'java/lang/NoSuchMethodError'{0x0000000089733098}: 'java.lang.Object java.lang.invoke.DirectMethodHandle$Holder.newInvokeSpecial(java.lang.Object, java.lang.Object, java.lang.Object, java.lang.Object, java.lang.Object)'> (0x0000000089733098) 
thrown [s\open\src\hotspot\share\interpreter\linkResolver.cpp, line 759]
Event: 0.595 Thread 0x0000022357a67220 Exception <a 'java/lang/NoSuchMethodError'{0x00000000897649a8}: 'java.lang.Object java.lang.invoke.DirectMethodHandle$Holder.invokeStatic(java.lang.Object, int, java.lang.Object)'> (0x00000000897649a8) 
thrown [s\open\src\hotspot\share\interpreter\linkResolver.cpp, line 759]
Event: 0.659 Thread 0x0000022357a67220 Exception <a 'java/lang/ClassNotFoundException'{0x0000000089621e88}: com/sun/swing/internal/plaf/metal/resources/spi/metalProvider> (0x0000000089621e88) 
thrown [s\open\src\hotspot\share\classfile\systemDictionary.cpp, line 255]
Event: 0.662 Thread 0x0000022357a67220 Exception <a 'java/lang/ClassNotFoundException'{0x0000000089625ec0}: com/sun/swing/internal/plaf/basic/resources/spi/basicProvider> (0x0000000089625ec0) 
thrown [s\open\src\hotspot\share\classfile\systemDictionary.cpp, line 255]
Event: 0.684 Thread 0x0000022357a67220 Exception <a 'java/lang/NoSuchMethodError'{0x0000000089643128}: 'int java.lang.invoke.Invokers$Holder.invokeExact_MT(java.lang.Object, java.lang.Object)'> (0x0000000089643128) 
thrown [s\open\src\hotspot\share\interpreter\linkResolver.cpp, line 759]
Event: 0.943 Thread 0x000002237a3f74c0 Exception <a 'java/lang/NoSuchMethodError'{0x00000000896fa188}: 'java.lang.Object java.lang.invoke.DirectMethodHandle$Holder.newInvokeSpecial(java.lang.Object, java.lang.Object, java.lang.Object, int, int, int, int, int)'> (0x00000000896fa188) 
thrown [s\open\src\hotspot\share\interpreter\linkResolver.cpp, line 759]
Event: 1.177 Thread 0x0000022375bdd530 Exception <a 'java/lang/NoSuchMethodError'{0x0000000089302270}: 'java.lang.Object java.lang.invoke.Invokers$Holder.invokeExact_MT(java.lang.Object, java.lang.Object, java.lang.Object, java.lang.Object, java.lang.Object, java.lang.Object)'> (0x0000000089302270) 
thrown [s\open\src\hotspot\share\interpreter\linkResolver.cpp, line 759]
Event: 1.967 Thread 0x000002237a2ed060 Exception <a 'java/lang/NoSuchMethodError'{0x00000000898859a8}: 'void java.lang.invoke.DirectMethodHandle$Holder.invokeVirtual(java.lang.Object, java.lang.Object)'> (0x00000000898859a8) 
thrown [s\open\src\hotspot\share\interpreter\linkResolver.cpp, line 759]
Event: 2.004 Thread 0x0000022357a67220 Exception <a 'java/lang/NoSuchMethodError'{0x00000000893fd700}: 'void java.lang.invoke.DirectMethodHandle$Holder.invokeStaticInit(java.lang.Object)'> (0x00000000893fd700) 
thrown [s\open\src\hotspot\share\interpreter\linkResolver.cpp, line 759]
Event: 3.101 Thread 0x000002237acfc360 Exception <a 'java/lang/NoSuchMethodError'{0x00000000891648c0}: 'int java.lang.invoke.DirectMethodHandle$Holder.invokeStatic(java.lang.Object)'> (0x00000000891648c0) 
thrown [s\open\src\hotspot\share\interpreter\linkResolver.cpp, line 759]

VM Operations (20 events):
Event: 37.213 Executing VM operation: G1CollectForAllocation done
Event: 37.244 Executing VM operation: G1CollectForAllocation
Event: 37.246 Executing VM operation: G1CollectForAllocation done
Event: 37.268 Executing VM operation: G1CollectForAllocation
Event: 37.269 Executing VM operation: G1CollectForAllocation done
Event: 37.283 Executing VM operation: G1CollectForAllocation
Event: 37.287 Executing VM operation: G1CollectForAllocation done
Event: 37.321 Executing VM operation: G1CollectForAllocation
Event: 37.322 Executing VM operation: G1CollectForAllocation done
Event: 37.365 Executing VM operation: G1Concurrent
Event: 37.371 Executing VM operation: G1Concurrent done
Event: 37.408 Executing VM operation: G1CollectForAllocation
Event: 37.421 Executing VM operation: G1CollectForAllocation done
Event: 37.472 Executing VM operation: G1Concurrent
Event: 37.472 Executing VM operation: G1Concurrent done
Event: 37.475 Executing VM operation: G1CollectForAllocation
Event: 37.488 Executing VM operation: G1CollectForAllocation done
Event: 37.507 Executing VM operation: G1CollectForAllocation
Event: 37.512 Executing VM operation: G1CollectForAllocation done
Event: 37.644 Executing VM operation: G1CollectForAllocation

Events (20 events):
Event: 3.081 Thread 0x000002237b1aac90 Thread added: 0x000002237b1aac90
Event: 3.115 Thread 0x000002237b1aac90 Thread exited: 0x000002237b1aac90
Event: 3.182 Thread 0x000002237b1ac4a0 Thread added: 0x000002237b1ac4a0
Event: 5.984 Thread 0x000002237a3f74c0 Thread exited: 0x000002237a3f74c0
Event: 18.665 Thread 0x000002237b1aac90 Thread added: 0x000002237b1aac90
Event: 18.848 Thread 0x000002237b1aac90 Thread exited: 0x000002237b1aac90
Event: 21.053 Thread 0x000002237b1ad310 Thread added: 0x000002237b1ad310
Event: 21.056 Thread 0x000002237b1ad310 Thread exited: 0x000002237b1ad310
Event: 22.127 Thread 0x000002237a03cbc0 Thread added: 0x000002237a03cbc0
Event: 22.388 Thread 0x000002237b20cca0 Thread added: 0x000002237b20cca0
Event: 23.374 Thread 0x000002237b20cca0 Thread exited: 0x000002237b20cca0
Event: 23.649 Thread 0x000002237a03cbc0 Thread exited: 0x000002237a03cbc0
Event: 26.063 Thread 0x000002237b1a9e20 Thread added: 0x000002237b1a9e20
Event: 26.067 Thread 0x000002237b1a9e20 Thread exited: 0x000002237b1a9e20
Event: 30.080 Thread 0x000002237ae41f80 Thread added: 0x000002237ae41f80
Event: 30.308 Thread 0x000002237b1ac970 Thread added: 0x000002237b1ac970
Event: 30.312 Thread 0x000002237b1ac970 Thread exited: 0x000002237b1ac970
Event: 31.435 Thread 0x000002237ae41f80 Thread exited: 0x000002237ae41f80
Event: 37.049 Thread 0x000002237b1c5610 Thread added: 0x000002237b1c5610
Event: 37.491 Thread 0x000002237b1c5610 Thread exited: 0x000002237b1c5610


Dynamic libraries:
0x00007ff62cd70000 - 0x00007ff62cd7e000 	C:\Java\jdk-18.0.2.1\bin\java.exe
0x00007ffccae70000 - 0x00007ffccb068000 	C:\WINDOWS\SYSTEM32\ntdll.dll
0x00007ffcca2c0000 - 0x00007ffcca37d000 	C:\WINDOWS\System32\KERNEL32.DLL
0x00007ffcc87b0000 - 0x00007ffcc8a82000 	C:\WINDOWS\System32\KERNELBASE.dll
0x00007ffcc8600000 - 0x00007ffcc8700000 	C:\WINDOWS\System32\ucrtbase.dll
0x00007ffcb0110000 - 0x00007ffcb012a000 	C:\Java\jdk-18.0.2.1\bin\VCRUNTIME140.dll
0x00007ffcafff0000 - 0x00007ffcb0007000 	C:\Java\jdk-18.0.2.1\bin\jli.dll
0x00007ffcc97d0000 - 0x00007ffcc996d000 	C:\WINDOWS\System32\USER32.dll
0x00007ffcc8bc0000 - 0x00007ffcc8be2000 	C:\WINDOWS\System32\win32u.dll
0x00007ffcafb70000 - 0x00007ffcafe0a000 	C:\WINDOWS\WinSxS\amd64_microsoft.windows.common-controls_6595b64144ccf1df_6.0.19041.1110_none_60b5254171f9507e\COMCTL32.dll
0x00007ffcc9120000 - 0x00007ffcc914b000 	C:\WINDOWS\System32\GDI32.dll
0x00007ffcc8bf0000 - 0x00007ffcc8cff000 	C:\WINDOWS\System32\gdi32full.dll
0x00007ffcc8ed0000 - 0x00007ffcc8f6e000 	C:\WINDOWS\System32\msvcrt.dll
0x00007ffcc8a90000 - 0x00007ffcc8b2d000 	C:\WINDOWS\System32\msvcp_win.dll
0x00007ffcca0c0000 - 0x00007ffcca0f0000 	C:\WINDOWS\System32\IMM32.DLL
0x00007ffcc3fe0000 - 0x00007ffcc3fec000 	C:\Java\jdk-18.0.2.1\bin\vcruntime140_1.dll
0x00007ffc72d70000 - 0x00007ffc72dfd000 	C:\Java\jdk-18.0.2.1\bin\msvcp140.dll
0x00007ffc12690000 - 0x00007ffc132a1000 	C:\Java\jdk-18.0.2.1\bin\server\jvm.dll
0x00007ffcc9150000 - 0x00007ffcc91fe000 	C:\WINDOWS\System32\ADVAPI32.dll
0x00007ffcc9200000 - 0x00007ffcc929c000 	C:\WINDOWS\System32\sechost.dll
0x00007ffcc9690000 - 0x00007ffcc97b5000 	C:\WINDOWS\System32\RPCRT4.dll
0x00007ffcc9550000 - 0x00007ffcc9558000 	C:\WINDOWS\System32\PSAPI.DLL
0x00007ffcb3f50000 - 0x00007ffcb3f59000 	C:\WINDOWS\SYSTEM32\WSOCK32.dll
0x00007ffcacfd0000 - 0x00007ffcacff7000 	C:\WINDOWS\SYSTEM32\WINMM.dll
0x00007ffcc13b0000 - 0x00007ffcc13ba000 	C:\WINDOWS\SYSTEM32\VERSION.dll
0x00007ffcca150000 - 0x00007ffcca1bb000 	C:\WINDOWS\System32\WS2_32.dll
0x00007ffcc6400000 - 0x00007ffcc6412000 	C:\WINDOWS\SYSTEM32\kernel.appcore.dll
0x00007ffcc3fc0000 - 0x00007ffcc3fca000 	C:\Java\jdk-18.0.2.1\bin\jimage.dll
0x00007ffcb53a0000 - 0x00007ffcb5584000 	C:\WINDOWS\SYSTEM32\DBGHELP.DLL
0x00007ffcadc30000 - 0x00007ffcadc5c000 	C:\WINDOWS\SYSTEM32\dbgcore.DLL
0x00007ffcc8b30000 - 0x00007ffcc8bb2000 	C:\WINDOWS\System32\bcryptPrimitives.dll
0x00007ffcb3ed0000 - 0x00007ffcb3ede000 	C:\Java\jdk-18.0.2.1\bin\instrument.dll
0x00007ffca2df0000 - 0x00007ffca2e15000 	C:\Java\jdk-18.0.2.1\bin\java.dll
0x00007ffc71d70000 - 0x00007ffc71e46000 	C:\Java\jdk-18.0.2.1\bin\jsvml.dll
0x00007ffcc9970000 - 0x00007ffcca0b3000 	C:\WINDOWS\System32\SHELL32.dll
0x00007ffcc6600000 - 0x00007ffcc6d91000 	C:\WINDOWS\SYSTEM32\windows.storage.dll
0x00007ffccaad0000 - 0x00007ffccae24000 	C:\WINDOWS\System32\combase.dll
0x00007ffcc7f00000 - 0x00007ffcc7f30000 	C:\WINDOWS\SYSTEM32\Wldp.dll
0x00007ffcca3e0000 - 0x00007ffcca48d000 	C:\WINDOWS\System32\SHCORE.dll
0x00007ffcca380000 - 0x00007ffcca3d5000 	C:\WINDOWS\System32\shlwapi.dll
0x00007ffcc84c0000 - 0x00007ffcc84df000 	C:\WINDOWS\SYSTEM32\profapi.dll
0x00007ffc99830000 - 0x00007ffc99848000 	C:\Java\jdk-18.0.2.1\bin\zip.dll
0x00007ffc86a80000 - 0x00007ffc86a93000 	C:\Java\jdk-18.0.2.1\bin\net.dll
0x00007ffcbb560000 - 0x00007ffcbb66d000 	C:\WINDOWS\SYSTEM32\WINHTTP.dll
0x00007ffcc7c10000 - 0x00007ffcc7c7a000 	C:\WINDOWS\system32\mswsock.dll
0x00007ffc86a60000 - 0x00007ffc86a76000 	C:\Java\jdk-18.0.2.1\bin\nio.dll
0x00007ffc86820000 - 0x00007ffc8683a000 	C:\Program Files\JetBrains\IntelliJ IDEA 2022.2.1\bin\breakgen64.dll
0x00007ffc71be0000 - 0x00007ffc71d6e000 	C:\Java\jdk-18.0.2.1\bin\awt.dll
0x00007ffcca1e0000 - 0x00007ffcca2ad000 	C:\WINDOWS\System32\OLEAUT32.dll
0x00007ffcc5d30000 - 0x00007ffcc5dc1000 	C:\WINDOWS\SYSTEM32\apphelp.dll
0x00007ffcc6110000 - 0x00007ffcc613f000 	C:\WINDOWS\system32\DWMAPI.DLL
0x00007ffcc5f20000 - 0x00007ffcc5fbe000 	C:\WINDOWS\system32\uxtheme.dll
0x00007ffc8bcf0000 - 0x00007ffc8be17000 	C:\WINDOWS\system32\opengl32.dll
0x00007ffc8c380000 - 0x00007ffc8c3ac000 	C:\WINDOWS\SYSTEM32\GLU32.dll
0x00007ffcc9430000 - 0x00007ffcc9545000 	C:\WINDOWS\System32\MSCTF.dll
0x00007ffcc92a0000 - 0x00007ffcc93ca000 	C:\WINDOWS\System32\ole32.dll
0x00007ffc72a10000 - 0x00007ffc72a96000 	C:\Java\jdk-18.0.2.1\bin\freetype.dll
0x00007ffc71b30000 - 0x00007ffc71bd8000 	C:\Java\jdk-18.0.2.1\bin\fontmanager.dll
0x00007ffca1600000 - 0x00007ffca16b0000 	C:\WINDOWS\WinSxS\amd64_microsoft.windows.common-controls_6595b64144ccf1df_5.82.19041.1110_none_792d1c772443f647\comctl32.dll
0x00007ffcc95e0000 - 0x00007ffcc968f000 	C:\WINDOWS\System32\clbcatq.dll
0x00007ffcc4090000 - 0x00007ffcc4186000 	C:\WINDOWS\SYSTEM32\PROPSYS.dll
0x00007ffcc4020000 - 0x00007ffcc4037000 	C:\WINDOWS\system32\NetworkExplorer.dll
0x00007ffcc85b0000 - 0x00007ffcc85fe000 	C:\WINDOWS\System32\CFGMGR32.dll
0x00007ffcadee0000 - 0x00007ffcadefd000 	C:\WINDOWS\SYSTEM32\MPR.dll
0x00007ffcb7570000 - 0x00007ffcb758d000 	C:\WINDOWS\System32\p9np.dll
0x00007ffcb75b0000 - 0x00007ffcb75bb000 	C:\WINDOWS\System32\drprov.dll
0x00007ffcc82b0000 - 0x00007ffcc8314000 	C:\WINDOWS\System32\WINSTA.dll
0x00007ffcb7550000 - 0x00007ffcb7570000 	C:\WINDOWS\System32\ntlanman.dll
0x00007ffcb74c0000 - 0x00007ffcb74de000 	C:\WINDOWS\System32\davclnt.dll
0x00007ffcb74b0000 - 0x00007ffcb74bd000 	C:\WINDOWS\System32\DAVHLPR.dll
0x00007ffcc76a0000 - 0x00007ffcc76b9000 	C:\WINDOWS\System32\wkscli.dll
0x00007ffca09f0000 - 0x00007ffca0a02000 	C:\WINDOWS\SYSTEM32\cscapi.dll
0x00007ffcc7a30000 - 0x00007ffcc7a3c000 	C:\WINDOWS\System32\netutils.dll
0x00007ffca2eb0000 - 0x00007ffca2f06000 	C:\Windows\System32\dlnashext.dll
0x00007ffc986e0000 - 0x00007ffc98744000 	C:\Windows\System32\PlayToDevice.dll
0x00007ffcb3a30000 - 0x00007ffcb3a50000 	C:\Windows\System32\DevDispItemProvider.dll
0x00007ffcbe060000 - 0x00007ffcbe0e5000 	C:\WINDOWS\System32\MMDevApi.dll
0x00007ffcc8250000 - 0x00007ffcc827c000 	C:\WINDOWS\System32\DEVOBJ.dll
0x00007ffc50a50000 - 0x00007ffc50af1000 	C:\WINDOWS\system32\wpdshext.dll
0x00007ffc73d30000 - 0x00007ffc73ed5000 	C:\WINDOWS\WinSxS\amd64_microsoft.windows.gdiplus_6595b64144ccf1df_1.1.19041.2130_none_91a21aa0cc89fa21\gdiplus.dll
0x00007ffcc2530000 - 0x00007ffcc25d3000 	C:\Windows\System32\PortableDeviceApi.dll
0x00007ffcca490000 - 0x00007ffcca8ff000 	C:\WINDOWS\System32\SETUPAPI.dll
0x00007ffcc8580000 - 0x00007ffcc85a7000 	C:\WINDOWS\System32\bcrypt.dll
0x00007ffcc8d00000 - 0x00007ffcc8d69000 	C:\WINDOWS\System32\WINTRUST.dll
0x00007ffcc8d70000 - 0x00007ffcc8ec6000 	C:\WINDOWS\System32\CRYPT32.dll
0x00007ffcc8090000 - 0x00007ffcc80a2000 	C:\WINDOWS\System32\MSASN1.dll
0x00007ffc82a40000 - 0x00007ffc82a77000 	C:\Windows\System32\EhStorShell.dll
0x00007ffc99870000 - 0x00007ffc99896000 	C:\Windows\System32\EhStorAPI.dll
0x00007ffcc41f0000 - 0x00007ffcc4204000 	C:\Windows\System32\WTSAPI32.dll
0x00007ffc840a0000 - 0x00007ffc840ad000 	C:\WINDOWS\SYSTEM32\LINKINFO.dll
0x00007ffcb1950000 - 0x00007ffcb1b3d000 	C:\WINDOWS\SYSTEM32\urlmon.dll
0x00007ffcb1dd0000 - 0x00007ffcb2081000 	C:\WINDOWS\SYSTEM32\iertutil.dll
0x00007ffcb1920000 - 0x00007ffcb1948000 	C:\WINDOWS\SYSTEM32\srvcli.dll
0x00007ffcc2230000 - 0x00007ffcc23e4000 	C:\WINDOWS\SYSTEM32\WindowsCodecs.dll
0x00007ffc92760000 - 0x00007ffc9279e000 	C:\WINDOWS\system32\dataexchange.dll
0x00007ffcc4210000 - 0x00007ffcc4473000 	C:\WINDOWS\system32\d3d11.dll
0x00007ffcc5150000 - 0x00007ffcc5333000 	C:\WINDOWS\system32\dcomp.dll
0x00007ffcc6e00000 - 0x00007ffcc6ef3000 	C:\WINDOWS\system32\dxgi.dll
0x00007ffcc34f0000 - 0x00007ffcc36f0000 	C:\WINDOWS\system32\twinapi.appcore.dll
0x00007ffcb37e0000 - 0x00007ffcb38d9000 	C:\WINDOWS\SYSTEM32\textinputframework.dll
0x00007ffcc56c0000 - 0x00007ffcc5a1e000 	C:\WINDOWS\System32\CoreUIComponents.dll
0x00007ffcc5a20000 - 0x00007ffcc5b12000 	C:\WINDOWS\System32\CoreMessaging.dll
0x00007ffcc7660000 - 0x00007ffcc7693000 	C:\WINDOWS\SYSTEM32\ntmarta.dll
0x00007ffcc4ff0000 - 0x00007ffcc5144000 	C:\WINDOWS\SYSTEM32\wintypes.dll

dbghelp: loaded successfully - version: 4.0.5 - missing functions: none
symbol engine: initialized successfully - sym options: 0x614 - pdb path: .;C:\Java\jdk-18.0.2.1\bin;C:\WINDOWS\SYSTEM32;C:\WINDOWS\WinSxS\amd64_microsoft.windows.common-controls_6595b64144ccf1df_6.0.19041.1110_none_60b5254171f9507e;C:\Java\jdk-18.0.2.1\bin\server;C:\Program Files\JetBrains\IntelliJ IDEA 2022.2.1\bin;C:\WINDOWS\WinSxS\amd64_microsoft.windows.common-controls_6595b64144ccf1df_5.82.19041.1110_none_792d1c772443f647;C:\WINDOWS\WinSxS\amd64_microsoft.windows.gdiplus_6595b64144ccf1df_1.1.19041.2130_none_91a21aa0cc89fa21

VM Arguments:
jvm_args: -javaagent:C:\Program Files\JetBrains\IntelliJ IDEA 2022.2.1\lib\idea_rt.jar=62002:C:\Program Files\JetBrains\IntelliJ IDEA 2022.2.1\bin -Dfile.encoding=UTF-8 -Dsun.stdout.encoding=UTF-8 -Dsun.stderr.encoding=UTF-8 
java_command: Main
java_class_path (initial): C:\Users\Kamen\IdeaProjects\Corrector\Corrector-TP1\out\production\Corrector-TP1
Launcher Type: SUN_STANDARD

[Global flags]
     intx CICompilerCount                          = 4                                         {product} {ergonomic}
     uint ConcGCThreads                            = 2                                         {product} {ergonomic}
     uint G1ConcRefinementThreads                  = 8                                         {product} {ergonomic}
   size_t G1HeapRegionSize                         = 1048576                                   {product} {ergonomic}
    uintx GCDrainStackTargetSize                   = 64                                        {product} {ergonomic}
   size_t InitialHeapSize                          = 134217728                                 {product} {ergonomic}
   size_t MarkStackSize                            = 4194304                                   {product} {ergonomic}
   size_t MaxHeapSize                              = 2118123520                                {product} {ergonomic}
   size_t MaxNewSize                               = 1270874112                                {product} {ergonomic}
   size_t MinHeapDeltaBytes                        = 1048576                                   {product} {ergonomic}
   size_t MinHeapSize                              = 8388608                                   {product} {ergonomic}
    uintx NonNMethodCodeHeapSize                   = 5839372                                {pd product} {ergonomic}
    uintx NonProfiledCodeHeapSize                  = 122909434                              {pd product} {ergonomic}
    uintx ProfiledCodeHeapSize                     = 122909434                              {pd product} {ergonomic}
    uintx ReservedCodeCacheSize                    = 251658240                              {pd product} {ergonomic}
     bool SegmentedCodeCache                       = true                                      {product} {ergonomic}
   size_t SoftMaxHeapSize                          = 2118123520                             {manageable} {ergonomic}
     bool UseCompressedClassPointers               = true                           {product lp64_product} {ergonomic}
     bool UseCompressedOops                        = true                           {product lp64_product} {ergonomic}
     bool UseG1GC                                  = true                                      {product} {ergonomic}
     bool UseLargePagesIndividualAllocation        = false                                  {pd product} {ergonomic}

Logging:
Log output configuration:
 #0: stdout all=warning uptime,level,tags foldmultilines=false
 #1: stderr all=off uptime,level,tags foldmultilines=false

Environment Variables:
PATH=C:\Program Files\NVIDIA GPU Computing Toolkit\CUDA\v11.7\bin;C:\Program Files\NVIDIA GPU Computing Toolkit\CUDA\v11.7\libnvvp;C:\WINDOWS\system32;C:\WINDOWS;C:\WINDOWS\System32\Wbem;C:\WINDOWS\System32\WindowsPowerShell\v1.0\;C:\WINDOWS\System32\OpenSSH\;C:Python35;C:\Program Files\MySQL\MySQL Utilities 1.6\;C:\Program Files\Microsoft SQL Server\Client SDK\ODBC\130\Tools\Binn\;C:\Program Files (x86)\Microsoft SQL Server\140\Tools\Binn\;C:\Program Files\Microsoft SQL Server\140\Tools\Binn\;C:\Program Files\Microsoft SQL Server\140\DTS\Binn\;C:\Program Files (x86)\Microsoft SQL Server\150\DTS\Binn\;C:\Program Files\Azure Data Studio\bin;C:\Program Files\Microsoft VS Code\bin;C:\Program Files\Git\cmd;C:\Program Files\PuTTY\;C:\Program Files\nodejs\;C:\Program Files\NVIDIA Corporation\Nsight Compute 2022.2.0\;C:\Program Files (x86)\NVIDIA Corporation\PhysX\Common;C:\Java\jdk-18.0.2.1\bin;C:\Users\Kamen\AppData\Local\Programs\Python\Python38\Scripts\;C:\Users\Kamen\AppData\Local\Programs\Python\Python38\;C:\Users\Kamen\AppData\Local\Microsoft\WindowsApps;C:\Program Files\JetBrains\PyCharm Community Edition 2020.1.4\bin;;C:\Program Files\Azure Data Studio\bin;C:\ProgramData\Kamen\GitHubDesktop\bin;C:\Users\Kamen\AppData\Local\GitHubDesktop\bin;C:\Users\Kamen\AppData\Roaming\npm;C:\Program Files\heroku\bin;C:\Users\Kamen\AppData\Local\Google\Cloud SDK\google-cloud-sdk\bin;C:\Java\jdk-18.0.2.1\bin;
USERNAME=Kamen
OS=Windows_NT
PROCESSOR_IDENTIFIER=Intel64 Family 6 Model 142 Stepping 11, GenuineIntel



---------------  S Y S T E M  ---------------

OS:
 Windows 10 , 64 bit Build 19041 (10.0.19041.1889)
OS uptime: 1 days 12:01 hours
Hyper-V role detected

CPU: total 8 (initial active 8) (4 cores per cpu, 2 threads per core) family 6 model 142 stepping 11 microcode 0xae, cx8, cmov, fxsr, ht, mmx, 3dnowpref, sse, sse2, sse3, ssse3, sse4.1, sse4.2, popcnt, lzcnt, tsc, tscinvbit, avx, avx2, aes, erms, clmul, bmi1, bmi2, adx, fma, vzeroupper, clflush, clflushopt, hv

Memory: 4k page, system-wide physical 8079M (395M free)
TotalPageFile size 23374M (AvailPageFile size 560M)
current process WorkingSet (physical memory assigned to process): 353M, peak: 353M
current process commit charge ("private bytes"): 498M, peak: 1158M

vm_info: OpenJDK 64-Bit Server VM (18.0.2.1+1-1) for windows-amd64 JRE (18.0.2.1+1-1), built on Aug 16 2022 01:44:29 by "mach5one" with MS VC++ 16.8 / 16.9 (VS2019)

END.
